Running Sphinx v1.0.7
Running XMOS Documentation setup:xdehtml
loading pickled environment... not yet created
building [xdehtml]: all documents
updating environment: 6 added, 0 changed, 0 removed
reading sources... [ 16%] api
reading sources... [ 33%] examples
reading sources... [ 50%] hw
reading sources... [ 66%] index
reading sources... [ 83%] overview
reading sources... [100%] programming

C:\Users\Shanthini\Documents\GitHub\sc_sdcard\module_sdcardSPI\doc\api.rst:35: (WARNING/2) doxygenfunction: Cannot find function "disk_initialize" in doxygen xml output

C:\Users\Shanthini\Documents\GitHub\sc_sdcard\module_sdcardSPI\doc\api.rst:36: (WARNING/2) doxygenfunction: Cannot find function "disk_status" in doxygen xml output

C:\Users\Shanthini\Documents\GitHub\sc_sdcard\module_sdcardSPI\doc\api.rst:37: (WARNING/2) doxygenfunction: Cannot find function "disk_read" in doxygen xml output

C:\Users\Shanthini\Documents\GitHub\sc_sdcard\module_sdcardSPI\doc\api.rst:38: (WARNING/2) doxygenfunction: Cannot find function "disk_write" in doxygen xml output

C:\Users\Shanthini\Documents\GitHub\sc_sdcard\module_sdcardSPI\doc\api.rst:39: (WARNING/2) doxygenfunction: Cannot find function "disk_ioctl" in doxygen xml output

C:\Users\Shanthini\Documents\GitHub\sc_sdcard\module_sdcardSPI\doc\programming.rst:51: (WARNING/2) Definition list ends without a blank line; unexpected unindent.

looking for now-outdated files... none found
pickling environment... done
checking consistency... done
preparing documents... done
['index', 'overview', 'programming', 'hw', 'api', 'examples']
writing output... [ 16%] api
Adding scope descriptions
writing output... [ 33%] examples
Adding scope descriptions
writing output... [ 50%] hw
Adding scope descriptions
writing output... [ 66%] index
Adding scope descriptions
writing output... [ 83%] overview
Adding scope descriptions
writing output... [100%] programming
Adding scope descriptions

writing additional files...
copying static files... done
dumping object inventory... done
build succeeded, 6 warnings.
