Run 'git rev-parse --show-cdup' in .
     
     err:git: /home/shanthini/XMOS/xSoftIPTools/1.0.17/xpd/libz.so.1: no version information available (required by git)
Run 'git rev-parse --show-cdup' in /home/shanthini/GitHub/sc_sdcard
     
     err:git: /home/shanthini/XMOS/xSoftIPTools/1.0.17/xpd/libz.so.1: no version information available (required by git)
Run 'git rev-parse --show-cdup' in /home/shanthini/GitHub/sc_spi
     
     err:git: /home/shanthini/XMOS/xSoftIPTools/1.0.17/xpd/libz.so.1: no version information available (required by git)
Run 'git rev-parse --show-cdup' in /home/shanthini/GitHub/sc_slicekit_support
     
     err:git: /home/shanthini/XMOS/xSoftIPTools/1.0.17/xpd/libz.so.1: no version information available (required by git)
Run 'git rev-list --parents --all' in /home/shanthini/GitHub/sc_slicekit_support
     1fe91159be22d2e358e4dd457c5ed0cd8d17fc18 eaf68b396781d32e037dd58100952d923e502257 be8353686c6d9e22a6125ccdf979a31c379091d0
     be8353686c6d9e22a6125ccdf979a31c379091d0 6357d2c4acf47cc71ab5a8f6614d2b7b806e9fae
     6357d2c4acf47cc71ab5a8f6614d2b7b806e9fae eaf68b396781d32e037dd58100952d923e502257
     eaf68b396781d32e037dd58100952d923e502257 7920fc4235a96585274d73d25d275ea63b4cd285
     7920fc4235a96585274d73d25d275ea63b4cd285 2fc3fc597c9d9d2bbe7073d760078a299fd9b572
     2fc3fc597c9d9d2bbe7073d760078a299fd9b572 7a05c790c61bb29c2d4ffb0d1c5782c342cf0c21
     7a05c790c61bb29c2d4ffb0d1c5782c342cf0c21 65849485a1e0e5a2180263c24593bc47745adb1a
     65849485a1e0e5a2180263c24593bc47745adb1a a432375d409305cf3a4316fa94ad824118de5ba7
     a432375d409305cf3a4316fa94ad824118de5ba7 a2c6a6431ace10103958692970f7902e7d106761
     a2c6a6431ace10103958692970f7902e7d106761 bbd9ad427eda446a26c6b96fcc131009c3d41697
     bbd9ad427eda446a26c6b96fcc131009c3d41697
     err:git: /home/shanthini/XMOS/xSoftIPTools/1.0.17/xpd/libz.so.1: no version information available (required by git)
Run 'git status --porcelain --ignored' in /home/shanthini/GitHub/sc_slicekit_support
     ?? run_xpd.log
     err:git: /home/shanthini/XMOS/xSoftIPTools/1.0.17/xpd/libz.so.1: no version information available (required by git)
Run 'git rev-parse --show-cdup' in /home/shanthini/GitHub/sc_slicekit_support
     
     err:git: /home/shanthini/XMOS/xSoftIPTools/1.0.17/xpd/libz.so.1: no version information available (required by git)
Run 'git show master:xpd.xml' in /home/shanthini/GitHub/sc_slicekit_support
     <?xml version="1.0" ?>
     <xpd>
         <components>
             <component name = "Slicekit Core Board Support Library" type = "component" buildresults_path = "module_slicekit_support/.module_slicekit_support.buildinfo" scope = "General Use" path = "module_slicekit_support" metainfo_path = "module_slicekit_support/module_slicekit_support.metainfo" local = "false" id = "module_slicekit_support" description = "A library for configuring the sliceKIT Core Board ports">
                 <keyword>slicekit</keyword>
                 <keyword>spi</keyword>
             </component>
         </components>
         <description>Slicekit support library</description>
         <location>git://github.com/xcore/sc_slicekit_support.git</location>
         <name>sc_slicekit_support</name>
         <partnumber>XM-003385-DH</partnumber>
         <release parenthash = "2fc3fc597c9d9d2bbe7073d760078a299fd9b572" version = "1.0.3rc0" githash = "7920fc4235a96585274d73d25d275ea63b4cd285"></release>
         <release parenthash = "6357d2c4acf47cc71ab5a8f6614d2b7b806e9fae" version = "1.0.4rc0"></release>
         <subpartnumber>XM-003386-SM</subpartnumber>
         <vendor>XMOS</vendor>
         <version_defines></version_defines>
         <xcore_repo>git://github.com/xcore/sc_slicekit_support.git</xcore_repo>
         <xpd_version>1.0</xpd_version>
     </xpd>
     err:git: /home/shanthini/XMOS/xSoftIPTools/1.0.17/xpd/libz.so.1: no version information available (required by git)
Run 'git rev-list --parents --all' in /home/shanthini/GitHub/sc_slicekit_support
     1fe91159be22d2e358e4dd457c5ed0cd8d17fc18 eaf68b396781d32e037dd58100952d923e502257 be8353686c6d9e22a6125ccdf979a31c379091d0
     be8353686c6d9e22a6125ccdf979a31c379091d0 6357d2c4acf47cc71ab5a8f6614d2b7b806e9fae
     6357d2c4acf47cc71ab5a8f6614d2b7b806e9fae eaf68b396781d32e037dd58100952d923e502257
     eaf68b396781d32e037dd58100952d923e502257 7920fc4235a96585274d73d25d275ea63b4cd285
     7920fc4235a96585274d73d25d275ea63b4cd285 2fc3fc597c9d9d2bbe7073d760078a299fd9b572
     2fc3fc597c9d9d2bbe7073d760078a299fd9b572 7a05c790c61bb29c2d4ffb0d1c5782c342cf0c21
     7a05c790c61bb29c2d4ffb0d1c5782c342cf0c21 65849485a1e0e5a2180263c24593bc47745adb1a
     65849485a1e0e5a2180263c24593bc47745adb1a a432375d409305cf3a4316fa94ad824118de5ba7
     a432375d409305cf3a4316fa94ad824118de5ba7 a2c6a6431ace10103958692970f7902e7d106761
     a2c6a6431ace10103958692970f7902e7d106761 bbd9ad427eda446a26c6b96fcc131009c3d41697
     bbd9ad427eda446a26c6b96fcc131009c3d41697
     err:git: /home/shanthini/XMOS/xSoftIPTools/1.0.17/xpd/libz.so.1: no version information available (required by git)
Run 'git status --porcelain --ignored' in /home/shanthini/GitHub/sc_slicekit_support
     ?? run_xpd.log
     err:git: /home/shanthini/XMOS/xSoftIPTools/1.0.17/xpd/libz.so.1: no version information available (required by git)
Run 'git rev-list --parents --all' in /home/shanthini/GitHub/sc_spi
     0e7f075d405ba768620f0476a3c27715d0f81649 f72f082e510ba5673997db25cd76665b8609327c
     f72f082e510ba5673997db25cd76665b8609327c ce205a305dc457fab4287d9369b8a6244e3cd0c8
     ce205a305dc457fab4287d9369b8a6244e3cd0c8 cce0ad15ee38e0cd1900a80896a060b71e6b6503
     cce0ad15ee38e0cd1900a80896a060b71e6b6503 be5f0da17a3fcd6a47250aa603b3cfccc8a6f2f5
     be5f0da17a3fcd6a47250aa603b3cfccc8a6f2f5 7ee2709f76aa8db113792368e2004bbe3e84f548
     7ee2709f76aa8db113792368e2004bbe3e84f548 a8a03e41433f1bb4cbae6fc6023a924b98517fc0
     a8a03e41433f1bb4cbae6fc6023a924b98517fc0 813a44aef98a5312a478ab05263a5d0ab7c751eb 650275710bd2979edfbcaa2b9e6ff9fb6fe6daf0
     650275710bd2979edfbcaa2b9e6ff9fb6fe6daf0 813a44aef98a5312a478ab05263a5d0ab7c751eb
     813a44aef98a5312a478ab05263a5d0ab7c751eb b553a710a05d6c358f1f3e7bf09578f5f63a9e02
     b553a710a05d6c358f1f3e7bf09578f5f63a9e02 28dc53035ad0bf3fdbd531a86cdbaebb5af6db19
     28dc53035ad0bf3fdbd531a86cdbaebb5af6db19 f0cea5dfef6238ed6c013bd734a4182c573ba47f
     f0cea5dfef6238ed6c013bd734a4182c573ba47f 42fad4fd32b941408d8841aabd108db9ff512545
     42fad4fd32b941408d8841aabd108db9ff512545 5c92ed0e642c275e8de8c05b75453527194c9860
     5c92ed0e642c275e8de8c05b75453527194c9860 1c28fddbe4e0526285d520b922cacc55f04a69b2
     1c28fddbe4e0526285d520b922cacc55f04a69b2 d4709d73e3a10b9ab056cb4f23e448a35f6cd374
     d4709d73e3a10b9ab056cb4f23e448a35f6cd374 81a970eb9af3e6686f86ea8e18a5a42c55b170e2
     81a970eb9af3e6686f86ea8e18a5a42c55b170e2 95693c538013d7fa6bb8ed28d7a7036c2ec045c2
     95693c538013d7fa6bb8ed28d7a7036c2ec045c2 06d5abd695be739df3d1ac317cba2d64cab42251
     06d5abd695be739df3d1ac317cba2d64cab42251 37ed0216ede3d1150a9f5affa19edc165e8ecede
     37ed0216ede3d1150a9f5affa19edc165e8ecede d86bcfe7b23a3724d6cc90b9c3a6592fd81f8652
     d86bcfe7b23a3724d6cc90b9c3a6592fd81f8652 3e295cbc995beed41f8cd5a8c265e74cdb6a7ecb
     3e295cbc995beed41f8cd5a8c265e74cdb6a7ecb 45b29e064f7813c016fd7a87ead46791c8aa90ea
     45b29e064f7813c016fd7a87ead46791c8aa90ea ac028ad52a0e46b735e2247bb3956202579ecb6d
     ac028ad52a0e46b735e2247bb3956202579ecb6d ac6aca7a492b027640ce6fddbccd6dc0b197ef3b
     ac6aca7a492b027640ce6fddbccd6dc0b197ef3b 2913e45631691171fc1f042a8625c2cabca2b5d3
     2913e45631691171fc1f042a8625c2cabca2b5d3 01952cded1ee7f487c7892818adfe891b158fc64
     01952cded1ee7f487c7892818adfe891b158fc64 4e188d00199f2311240c753f53dc29506cf19863
     4e188d00199f2311240c753f53dc29506cf19863 99eeb151388ebeee44ef8377d87e871a0f7022e8
     99eeb151388ebeee44ef8377d87e871a0f7022e8 0e7da6c03e00ca1fe3e63360fa90c4cf8f31c3ce
     0e7da6c03e00ca1fe3e63360fa90c4cf8f31c3ce b4245822a400a104dfc98b0c0274c941555ab578
     b4245822a400a104dfc98b0c0274c941555ab578 16898e9423ff46c1516a436a865730df85457b6b
     16898e9423ff46c1516a436a865730df85457b6b a9f880726d9efcdc825ac1211941ff3622530d73
     a9f880726d9efcdc825ac1211941ff3622530d73 28c906e397af493c792fa60e93897ba7cbb873d1
     28c906e397af493c792fa60e93897ba7cbb873d1 a81641b3ee0a9e00d47d307aadf08dc5a98d4f47
     a81641b3ee0a9e00d47d307aadf08dc5a98d4f47 5bcfcb20cc697f70694fac4a1d2c15322652fe61
     5bcfcb20cc697f70694fac4a1d2c15322652fe61 e6939105660698792b634477e3cc64dca14eba29
     e6939105660698792b634477e3cc64dca14eba29 d091ef4d548bff2890fdf8dfdd5d4a5c08d4f35a
     d091ef4d548bff2890fdf8dfdd5d4a5c08d4f35a bdf82ccfd0302e6585bf2d6259e4dd502c3242f9
     bdf82ccfd0302e6585bf2d6259e4dd502c3242f9 147531ff603c200730faea4d78fd2c6c25e7949f
     147531ff603c200730faea4d78fd2c6c25e7949f 965b3fe6f725566827593779551f81dc8a3a9b38
     965b3fe6f725566827593779551f81dc8a3a9b38 a2a0512f1e674c5d191807d070b667349fc4a121
     a2a0512f1e674c5d191807d070b667349fc4a121 3cc76e993213b1fc075465493528d9822d596992
     3cc76e993213b1fc075465493528d9822d596992 387e8d60d1da2404a75ed904f2c68fb534d79faf
     387e8d60d1da2404a75ed904f2c68fb534d79faf 7bc2fa6b46878ff9db5cfdac5b60441fab77da44
     7bc2fa6b46878ff9db5cfdac5b60441fab77da44 3fcd9bb04cbb733a655a88f68a5112d78255c24c
     3fcd9bb04cbb733a655a88f68a5112d78255c24c 4521846b5de3cfc9dc22fedc5e219539125a4430
     4521846b5de3cfc9dc22fedc5e219539125a4430 b6ad26cbfd8fab4bb4268cc11cfbb6ecddab2fbf
     b6ad26cbfd8fab4bb4268cc11cfbb6ecddab2fbf 8e752a20f0a2cfda36019d691ea0d879eaa735c5
     8e752a20f0a2cfda36019d691ea0d879eaa735c5 ba53ededf71f999ccacf8a827d98c50ee44e277c
     ba53ededf71f999ccacf8a827d98c50ee44e277c 898f229b24e7152f9d4f1f98dc27d0c76e1954c2
     898f229b24e7152f9d4f1f98dc27d0c76e1954c2 e52f237fe6d928a8c20bb9ff4e51efa1ff0adcd8
     e52f237fe6d928a8c20bb9ff4e51efa1ff0adcd8 c28941acba36949c4e3d2c6cf2480e6a6a7f5f94
     c28941acba36949c4e3d2c6cf2480e6a6a7f5f94 57ddd3a033b71fba858d1c82de419b835086319c
     57ddd3a033b71fba858d1c82de419b835086319c c24563e5c7446b8de47e71553fbab4ee2e67168d
     c24563e5c7446b8de47e71553fbab4ee2e67168d 46e4e5fa6d51a79048f805e742c5df6d20b6501b
     46e4e5fa6d51a79048f805e742c5df6d20b6501b 4aee789f0590a95da1263e7e7bd2d9278af6006e
     4aee789f0590a95da1263e7e7bd2d9278af6006e 4ab8627bd18868c3f48b9a93d41d1f308ab260d9
     4ab8627bd18868c3f48b9a93d41d1f308ab260d9 9702d486148999afc6589d670c4e1b3962233405 357bf6d0b8ae8154d335132bbfde9ce341ac1f36
     9702d486148999afc6589d670c4e1b3962233405 d0fe0932cc9efa56153d16edd350bd45538023bb
     357bf6d0b8ae8154d335132bbfde9ce341ac1f36 3db282425b17df2d67672d2950290d628863fa31
     3db282425b17df2d67672d2950290d628863fa31 602a3216b1465dba7ff0d6499817e054d4031c6c
     602a3216b1465dba7ff0d6499817e054d4031c6c a9f5fbc8f1355ab75054bfadfbd6863ea3097ba4
     a9f5fbc8f1355ab75054bfadfbd6863ea3097ba4 d933648b05c7acee2b46cf6d6e3fd1d2cc3000f6 d0fe0932cc9efa56153d16edd350bd45538023bb
     d933648b05c7acee2b46cf6d6e3fd1d2cc3000f6 50e819c59dfabb240a856b1a3d0db3db87740efe
     d0fe0932cc9efa56153d16edd350bd45538023bb 50e819c59dfabb240a856b1a3d0db3db87740efe
     50e819c59dfabb240a856b1a3d0db3db87740efe e1448e6b09b2cb6f3fea2a25f8614dcd6da9830f
     e1448e6b09b2cb6f3fea2a25f8614dcd6da9830f 975c83a57c367b603121164e67ef491a55341b35
     975c83a57c367b603121164e67ef491a55341b35 86af078dee05682945d88231a13ed32a8a4e9fd0
     86af078dee05682945d88231a13ed32a8a4e9fd0 549a56cd66bdd665503b2f586ef0673a3ece1cec
     549a56cd66bdd665503b2f586ef0673a3ece1cec b3aa64e018612ebe4414238d6af2cfafe1c35f45
     b3aa64e018612ebe4414238d6af2cfafe1c35f45 ab8a6df985e2e123384b5aadecb6c9c4b0fa9a11
     ab8a6df985e2e123384b5aadecb6c9c4b0fa9a11 05a1b7ba3f0b9a29c135a098d65a2ca8bbe2eafe
     05a1b7ba3f0b9a29c135a098d65a2ca8bbe2eafe c4076826f61dc2ebf7710de599ae8c98ab467199
     c4076826f61dc2ebf7710de599ae8c98ab467199 bff947ed26db059c209d2e171e7c31e4c8fd5b56
     bff947ed26db059c209d2e171e7c31e4c8fd5b56 9846f0fc9c34fd256e8c904fc647882c9bc42258
     9846f0fc9c34fd256e8c904fc647882c9bc42258 dd53e3d0d4f6bc8be61fe5031ad8c4d2ee6f8bc5
     dd53e3d0d4f6bc8be61fe5031ad8c4d2ee6f8bc5 8a37ce78643b1faff29587e0953766d063d5ea7d
     8a37ce78643b1faff29587e0953766d063d5ea7d 0b0d57ee3f50bcf37a0332c867f7faa662c1814b
     0b0d57ee3f50bcf37a0332c867f7faa662c1814b 1f26d73747ea9a9cc911a59bb614d2b86e2c3259 ef69d99e364136485d259e69a013286904176670
     1f26d73747ea9a9cc911a59bb614d2b86e2c3259 2f8c0330e8b91acc5ddffe4d3e8d0775ffc9cf67
     ef69d99e364136485d259e69a013286904176670 1e6b44711605e8aa25a36238fd79e2489115513a
     1e6b44711605e8aa25a36238fd79e2489115513a d128ade4bb0359da32843f2841786524a88ae2f8
     d128ade4bb0359da32843f2841786524a88ae2f8 c0e15961a56f1eaafd2b4aae52907883ff3b6693
     c0e15961a56f1eaafd2b4aae52907883ff3b6693 5ba2575af342565e01b0d1416e771db874abaf87
     5ba2575af342565e01b0d1416e771db874abaf87 a43c5a1736ce4f12766bf86f577fd179cd0c9a87
     e87fbd08b21228b8358124f87ef68d3fd3191389 684c52250cd3e61776e0c0005b2de3b4a7e80cf7
     a43c5a1736ce4f12766bf86f577fd179cd0c9a87 c46b967a1cbdc51e9cf63e3958c3033d35eca492
     c46b967a1cbdc51e9cf63e3958c3033d35eca492 d1d8030e135cc13a821a9445ce0a2f3f6b042474
     684c52250cd3e61776e0c0005b2de3b4a7e80cf7 8a2461b80cdfdb41b14e17c25752253ed06b3964
     d1d8030e135cc13a821a9445ce0a2f3f6b042474 17f384722a60a642dc815e5031ecdb847eb55ac7
     8a2461b80cdfdb41b14e17c25752253ed06b3964 ef1b7e66414a7996bc034a56e4f37c8db525aad1
     17f384722a60a642dc815e5031ecdb847eb55ac7 8cda83318f7e28e22d9cd40aec46cbc2a0e819bc
     ef1b7e66414a7996bc034a56e4f37c8db525aad1 d85b9b18fbef9f03d78eadbb7472ad3b9a2f4f11
     8cda83318f7e28e22d9cd40aec46cbc2a0e819bc 2851983c23be71377ef68a1500c7b45a28536d2e
     d85b9b18fbef9f03d78eadbb7472ad3b9a2f4f11
     2851983c23be71377ef68a1500c7b45a28536d2e 2f8c0330e8b91acc5ddffe4d3e8d0775ffc9cf67
     2f8c0330e8b91acc5ddffe4d3e8d0775ffc9cf67 02c9381522d9bdaecee12b3ba0d03a585a724c9d
     02c9381522d9bdaecee12b3ba0d03a585a724c9d 901989bb3b946e31a4308d197ac7aeb6f6267815
     901989bb3b946e31a4308d197ac7aeb6f6267815 19da820324fc7db249328f06e1ef3c35c6f2caec
     19da820324fc7db249328f06e1ef3c35c6f2caec 67102e692f7bab973130edb8fb3457aa682e6cc6
     67102e692f7bab973130edb8fb3457aa682e6cc6 652df82607281ec7b419010b2f46bf18445b49cb
     652df82607281ec7b419010b2f46bf18445b49cb 348b3602ea5a06e2da717990c7084e15e75510a4
     348b3602ea5a06e2da717990c7084e15e75510a4 7babb824be45d08224eb972c181ed009609bc5d9
     7babb824be45d08224eb972c181ed009609bc5d9 3ddeeb11189a567a63ed112dbd2c908162719526 5cfdc14482666439479f9a7f2402aa842487df71
     3ddeeb11189a567a63ed112dbd2c908162719526 21812a27b40acca109e315ba8cfe1f57fc59d9d0
     5cfdc14482666439479f9a7f2402aa842487df71 8d739f325b54ecca9ee2e3e5d85c6d74a28d045a
     8d739f325b54ecca9ee2e3e5d85c6d74a28d045a 7925fc5ab7b7defd2396cba5d646c933179fea51
     7925fc5ab7b7defd2396cba5d646c933179fea51 d22c403485c73aec20965f47279f60283c29effc
     d22c403485c73aec20965f47279f60283c29effc e546e228e389873669d81e7263dda46556ac526b
     e546e228e389873669d81e7263dda46556ac526b 2f2cf4cedbc6eba5e15deccb944d1a4a557cb97d
     2f2cf4cedbc6eba5e15deccb944d1a4a557cb97d 636e6ae54ad3476d961ccac19161504d944923ce
     636e6ae54ad3476d961ccac19161504d944923ce 5e6db7d1a0f96288c1b6a00c3678a20d77f6872c
     5e6db7d1a0f96288c1b6a00c3678a20d77f6872c 2c08d974a57b1b18cc39c5fcfb56dc7e5f7e6731
     2c08d974a57b1b18cc39c5fcfb56dc7e5f7e6731 657635857f588a95e802cba1bb7cb0bee30ba5ee
     657635857f588a95e802cba1bb7cb0bee30ba5ee 1fd2943a902bcde1a3c5356bf6bd124f1d8ab6f7
     1fd2943a902bcde1a3c5356bf6bd124f1d8ab6f7 da23708213c8e7f64d17f60a32bc789c97ec5ee0
     da23708213c8e7f64d17f60a32bc789c97ec5ee0 0319f460c2be3f6ad6bd47be9a0d2dc3e28a4afa
     0319f460c2be3f6ad6bd47be9a0d2dc3e28a4afa def1d3bc328982d09d3d0f5d0c8f671d677a7e02
     def1d3bc328982d09d3d0f5d0c8f671d677a7e02 f94d3c43dbb2a64795a165f8991287f536b0d674 6030ecd8f38e60ca5fff639952009e0184619b55
     f94d3c43dbb2a64795a165f8991287f536b0d674 98ca50f243efa67f9989b813324848d9d7d77f35
     98ca50f243efa67f9989b813324848d9d7d77f35 098120aa7635e7da86d566162bd8f18ea1930789
     6030ecd8f38e60ca5fff639952009e0184619b55 098120aa7635e7da86d566162bd8f18ea1930789
     098120aa7635e7da86d566162bd8f18ea1930789 d51ebb188dd9c1a3611e4b663793ec6f02a09ad7
     d51ebb188dd9c1a3611e4b663793ec6f02a09ad7 95f1ee600450e86b9675c7fa198b2c70f2abcd4e
     21812a27b40acca109e315ba8cfe1f57fc59d9d0 8e70cdd0c835346e0222bf03d5b85fcc4d4f9440
     8e70cdd0c835346e0222bf03d5b85fcc4d4f9440 e35d37e19daeeb2cca41d131148151e5acd70509
     95f1ee600450e86b9675c7fa198b2c70f2abcd4e fe1231b004da1b428a6dc27e628fe67bd12020d5
     fe1231b004da1b428a6dc27e628fe67bd12020d5 09865a8a3efdd4aead78d7b5aeaedc49cf772d78
     09865a8a3efdd4aead78d7b5aeaedc49cf772d78 697e632c47393a1024995f7119b1f8e2e2e101de
     697e632c47393a1024995f7119b1f8e2e2e101de 5f737a7c747114c6ddab03b495713f3ce38caaca
     5f737a7c747114c6ddab03b495713f3ce38caaca 7f64872b2409af2f922a56984f99b1942f378e70
     7f64872b2409af2f922a56984f99b1942f378e70 e8f0f6f1a10602f3b3be35b3ca3a524b6daf7e60
     e8f0f6f1a10602f3b3be35b3ca3a524b6daf7e60 3d9b3738669015c546c886d46a6e8321bb36bc49 49ee5b1facb26a69fac7487e4eb97c601d27ed78
     3d9b3738669015c546c886d46a6e8321bb36bc49 3b223484d76907e6e565d76795fa15c227d7f515
     49ee5b1facb26a69fac7487e4eb97c601d27ed78 3b223484d76907e6e565d76795fa15c227d7f515
     3b223484d76907e6e565d76795fa15c227d7f515 e35d37e19daeeb2cca41d131148151e5acd70509
     e35d37e19daeeb2cca41d131148151e5acd70509 d828c75cbdcab1fa9eaed45d26aee82a66b5d777
     d828c75cbdcab1fa9eaed45d26aee82a66b5d777 345bb5b9e9b990864acaefe027c986f3ea5aac39
     345bb5b9e9b990864acaefe027c986f3ea5aac39 eff7397abe2c00a0d40dc23cf185c81bdbbdb735
     eff7397abe2c00a0d40dc23cf185c81bdbbdb735 6dd7d083a6829d27cd985e9de1b4142f5affa46d
     6dd7d083a6829d27cd985e9de1b4142f5affa46d 9efa9a118c2151da6be7fe69535ccf0b486f4c33
     9efa9a118c2151da6be7fe69535ccf0b486f4c33 890cb4e5401f1e3330c19b004978063af13be80d
     890cb4e5401f1e3330c19b004978063af13be80d 3eb56ec5519bb1fc4d22e509b5d1f80685c72a36
     3eb56ec5519bb1fc4d22e509b5d1f80685c72a36 d9f1724690ee894b8fb40447c3784037fd4e040c
     d9f1724690ee894b8fb40447c3784037fd4e040c
     err:git: /home/shanthini/XMOS/xSoftIPTools/1.0.17/xpd/libz.so.1: no version information available (required by git)
Run 'git status --porcelain --ignored' in /home/shanthini/GitHub/sc_spi
     ?? run_xpd.log
     err:git: /home/shanthini/XMOS/xSoftIPTools/1.0.17/xpd/libz.so.1: no version information available (required by git)
Run 'git rev-parse --show-cdup' in /home/shanthini/GitHub/sc_spi
     
     err:git: /home/shanthini/XMOS/xSoftIPTools/1.0.17/xpd/libz.so.1: no version information available (required by git)
Run 'git show master:xpd.xml' in /home/shanthini/GitHub/sc_spi
     <?xml version="1.0" ?>
     <xpd>
         <components>
             <component description = "Usage Example for xSOFTip SPI Master Module looped back to xSOFTip Slave Module" type = "demoCode" scope = "Example" path = "app_spi_loopback_demo" local = "false" id = "app_spi_loopback_demo" name = "SPI Master/Slave Loopback Demo">
                 <board>XK-1A</board>
                 <board>XK-SKC-L2</board>
                 <componentDependency repo = "git://github.com/xcore/sc_spi" version = "1.3.1">module_spi_slave</componentDependency>
                 <componentDependency repo = "git://github.com/xcore/sc_spi" version = "1.3.1">module_spi_master</componentDependency>
                 <keyword>SPI</keyword>
                 <keyword>demo</keyword>
             </component>
             <component description = "Usage Example for xSOFTip SPI Master Module with External Flash" type = "demoCode" scope = "Example" path = "app_spi_master_demo" local = "false" id = "app_spi_master_demo" name = "SPI Master Example Application">
                 <board>XK-1A</board>
                 <board>XK-SKC-L2</board>
                 <componentDependency repo = "git://github.com/xcore/sc_slicekit_support.git" version = "1.0.4">module_slicekit_support</componentDependency>
                 <componentDependency repo = "git://github.com/xcore/sc_spi" version = "1.3.1">module_spi_master</componentDependency>
                 <keyword>SPI</keyword>
                 <keyword>Flash</keyword>
             </component>
             <component name = "SPI Master Function Library" type = "component" buildresults_path = "module_spi_master/.module_spi_master.buildinfo" scope = "General Use" path = "module_spi_master" metainfo_path = "module_spi_master/module_spi_master.metainfo" local = "false" id = "module_spi_master" description = "SPI Master Function Library tested for operation up to 25MHz SCLK frequency and all four SPI modes">
                 <board>XK-1A</board>
                 <board>XK-SKC-L2</board>
                 <keyword>SPI</keyword>
                 <keyword>Flash</keyword>
             </component>
             <component name = "SPI Slave Function Library" type = "component" buildresults_path = "module_spi_slave/.module_spi_slave.buildinfo" scope = "Early Development" path = "module_spi_slave" metainfo_path = "module_spi_slave/module_spi_slave.metainfo" local = "false" id = "module_spi_slave" description = "SPI Slave Function Library tested for operation up to 25MHz SCLK frequency and all four SPI modes">
                 <board>XK-1A</board>
                 <keyword>SPI</keyword>
             </component>
         </components>
         <dependency repo = "sc_slicekit_support">
             <githash>be8353686c6d9e22a6125ccdf979a31c379091d0</githash>
             <uri>https://github.com/xcore/sc_slicekit_support.git</uri>
             <version>1.0.4rc0</version>
         </dependency>
         <description>SPI protocol components</description>
         <docdir>module_spi_master/doc</docdir>
         <docdir>module_spi_slave/doc</docdir>
         <docdir>app_spi_master_demo/doc_quickstart</docdir>
         <docdir>app_spi_loopback_demo/doc_quickstart</docdir>
         <exclude_dir>app_spi_slave_sim_test</exclude_dir>
         <exclude_dir>app_xc1a_spi_example</exclude_dir>
         <location>ssh://git@github.com/xcore/sc_spi</location>
         <name>sc_spi</name>
         <maintainer>djpwilk</maintainer>
         <partnumber>XM-001614-DH</partnumber>
         <release parenthash = "d828c75cbdcab1fa9eaed45d26aee82a66b5d777" version = "1.1.0beta0" githash = "e35d37e19daeeb2cca41d131148151e5acd70509"></release>
         <release parenthash = "8e70cdd0c835346e0222bf03d5b85fcc4d4f9440" version = "1.1.0rc0" githash = "21812a27b40acca109e315ba8cfe1f57fc59d9d0"></release>
         <release parenthash = "5ba2575af342565e01b0d1416e771db874abaf87" version = "1.2.0beta0" githash = "c0e15961a56f1eaafd2b4aae52907883ff3b6693"></release>
         <release parenthash = "d128ade4bb0359da32843f2841786524a88ae2f8" version = "1.2.0rc0" githash = "1e6b44711605e8aa25a36238fd79e2489115513a"></release>
         <release parenthash = "05a1b7ba3f0b9a29c135a098d65a2ca8bbe2eafe" version = "1.3.0alpha0" githash = "ab8a6df985e2e123384b5aadecb6c9c4b0fa9a11"></release>
         <release parenthash = "a9f5fbc8f1355ab75054bfadfbd6863ea3097ba4" version = "1.3.0alpha1" githash = "602a3216b1465dba7ff0d6499817e054d4031c6c"></release>
         <release parenthash = "3db282425b17df2d67672d2950290d628863fa31" version = "1.3.0alpha2" githash = "357bf6d0b8ae8154d335132bbfde9ce341ac1f36"></release>
         <release parenthash = "4ab8627bd18868c3f48b9a93d41d1f308ab260d9" version = "1.3.0alpha3" githash = "4aee789f0590a95da1263e7e7bd2d9278af6006e"></release>
         <release parenthash = "46e4e5fa6d51a79048f805e742c5df6d20b6501b" version = "1.3.0alpha4" githash = "c24563e5c7446b8de47e71553fbab4ee2e67168d"></release>
         <release parenthash = "965b3fe6f725566827593779551f81dc8a3a9b38" version = "1.3.0alpha5" githash = "147531ff603c200730faea4d78fd2c6c25e7949f"></release>
         <release parenthash = "e6939105660698792b634477e3cc64dca14eba29" version = "1.3.0alpha6" githash = "5bcfcb20cc697f70694fac4a1d2c15322652fe61"></release>
         <release parenthash = "28c906e397af493c792fa60e93897ba7cbb873d1" version = "1.3.0rc0" githash = "a9f880726d9efcdc825ac1211941ff3622530d73"></release>
         <release parenthash = "a9f880726d9efcdc825ac1211941ff3622530d73" version = "1.3.0rc1" githash = "16898e9423ff46c1516a436a865730df85457b6b"></release>
         <release parenthash = "42fad4fd32b941408d8841aabd108db9ff512545" version = "1.3.1rc0" githash = "f0cea5dfef6238ed6c013bd734a4182c573ba47f"></release>
         <release parenthash = "b553a710a05d6c358f1f3e7bf09578f5f63a9e02" version = "1.3.1rc1" githash = "813a44aef98a5312a478ab05263a5d0ab7c751eb"></release>
         <release parenthash = "f72f082e510ba5673997db25cd76665b8609327c" version = "1.4.0rc0"></release>
         <subpartnumber>XM-000040-SW</subpartnumber>
         <vendor>XMOS</vendor>
         <version_defines></version_defines>
         <xcore_repo>sc_spi</xcore_repo>
         <xpd_version>1.0</xpd_version>
     </xpd>
     err:git: /home/shanthini/XMOS/xSoftIPTools/1.0.17/xpd/libz.so.1: no version information available (required by git)
Run 'git rev-parse --show-cdup' in /home/shanthini/GitHub/sc_slicekit_support
     
     err:git: /home/shanthini/XMOS/xSoftIPTools/1.0.17/xpd/libz.so.1: no version information available (required by git)
Run 'git rev-list --parents --all' in /home/shanthini/GitHub/sc_slicekit_support
     1fe91159be22d2e358e4dd457c5ed0cd8d17fc18 eaf68b396781d32e037dd58100952d923e502257 be8353686c6d9e22a6125ccdf979a31c379091d0
     be8353686c6d9e22a6125ccdf979a31c379091d0 6357d2c4acf47cc71ab5a8f6614d2b7b806e9fae
     6357d2c4acf47cc71ab5a8f6614d2b7b806e9fae eaf68b396781d32e037dd58100952d923e502257
     eaf68b396781d32e037dd58100952d923e502257 7920fc4235a96585274d73d25d275ea63b4cd285
     7920fc4235a96585274d73d25d275ea63b4cd285 2fc3fc597c9d9d2bbe7073d760078a299fd9b572
     2fc3fc597c9d9d2bbe7073d760078a299fd9b572 7a05c790c61bb29c2d4ffb0d1c5782c342cf0c21
     7a05c790c61bb29c2d4ffb0d1c5782c342cf0c21 65849485a1e0e5a2180263c24593bc47745adb1a
     65849485a1e0e5a2180263c24593bc47745adb1a a432375d409305cf3a4316fa94ad824118de5ba7
     a432375d409305cf3a4316fa94ad824118de5ba7 a2c6a6431ace10103958692970f7902e7d106761
     a2c6a6431ace10103958692970f7902e7d106761 bbd9ad427eda446a26c6b96fcc131009c3d41697
     bbd9ad427eda446a26c6b96fcc131009c3d41697
     err:git: /home/shanthini/XMOS/xSoftIPTools/1.0.17/xpd/libz.so.1: no version information available (required by git)
Run 'git status --porcelain --ignored' in /home/shanthini/GitHub/sc_slicekit_support
     ?? run_xpd.log
     err:git: /home/shanthini/XMOS/xSoftIPTools/1.0.17/xpd/libz.so.1: no version information available (required by git)
Run 'git rev-parse --show-cdup' in /home/shanthini/GitHub/sc_slicekit_support
     
     err:git: /home/shanthini/XMOS/xSoftIPTools/1.0.17/xpd/libz.so.1: no version information available (required by git)
Run 'git show master:xpd.xml' in /home/shanthini/GitHub/sc_slicekit_support
     <?xml version="1.0" ?>
     <xpd>
         <components>
             <component name = "Slicekit Core Board Support Library" type = "component" buildresults_path = "module_slicekit_support/.module_slicekit_support.buildinfo" scope = "General Use" path = "module_slicekit_support" metainfo_path = "module_slicekit_support/module_slicekit_support.metainfo" local = "false" id = "module_slicekit_support" description = "A library for configuring the sliceKIT Core Board ports">
                 <keyword>slicekit</keyword>
                 <keyword>spi</keyword>
             </component>
         </components>
         <description>Slicekit support library</description>
         <location>git://github.com/xcore/sc_slicekit_support.git</location>
         <name>sc_slicekit_support</name>
         <partnumber>XM-003385-DH</partnumber>
         <release parenthash = "2fc3fc597c9d9d2bbe7073d760078a299fd9b572" version = "1.0.3rc0" githash = "7920fc4235a96585274d73d25d275ea63b4cd285"></release>
         <release parenthash = "6357d2c4acf47cc71ab5a8f6614d2b7b806e9fae" version = "1.0.4rc0"></release>
         <subpartnumber>XM-003386-SM</subpartnumber>
         <vendor>XMOS</vendor>
         <version_defines></version_defines>
         <xcore_repo>git://github.com/xcore/sc_slicekit_support.git</xcore_repo>
         <xpd_version>1.0</xpd_version>
     </xpd>
     err:git: /home/shanthini/XMOS/xSoftIPTools/1.0.17/xpd/libz.so.1: no version information available (required by git)
Run 'git rev-list --parents --all' in /home/shanthini/GitHub/sc_slicekit_support
     1fe91159be22d2e358e4dd457c5ed0cd8d17fc18 eaf68b396781d32e037dd58100952d923e502257 be8353686c6d9e22a6125ccdf979a31c379091d0
     be8353686c6d9e22a6125ccdf979a31c379091d0 6357d2c4acf47cc71ab5a8f6614d2b7b806e9fae
     6357d2c4acf47cc71ab5a8f6614d2b7b806e9fae eaf68b396781d32e037dd58100952d923e502257
     eaf68b396781d32e037dd58100952d923e502257 7920fc4235a96585274d73d25d275ea63b4cd285
     7920fc4235a96585274d73d25d275ea63b4cd285 2fc3fc597c9d9d2bbe7073d760078a299fd9b572
     2fc3fc597c9d9d2bbe7073d760078a299fd9b572 7a05c790c61bb29c2d4ffb0d1c5782c342cf0c21
     7a05c790c61bb29c2d4ffb0d1c5782c342cf0c21 65849485a1e0e5a2180263c24593bc47745adb1a
     65849485a1e0e5a2180263c24593bc47745adb1a a432375d409305cf3a4316fa94ad824118de5ba7
     a432375d409305cf3a4316fa94ad824118de5ba7 a2c6a6431ace10103958692970f7902e7d106761
     a2c6a6431ace10103958692970f7902e7d106761 bbd9ad427eda446a26c6b96fcc131009c3d41697
     bbd9ad427eda446a26c6b96fcc131009c3d41697
     err:git: /home/shanthini/XMOS/xSoftIPTools/1.0.17/xpd/libz.so.1: no version information available (required by git)
Run 'git status --porcelain --ignored' in /home/shanthini/GitHub/sc_slicekit_support
     ?? run_xpd.log
     err:git: /home/shanthini/XMOS/xSoftIPTools/1.0.17/xpd/libz.so.1: no version information available (required by git)
Run 'git rev-list --parents --all' in /home/shanthini/GitHub/sc_spi
     0e7f075d405ba768620f0476a3c27715d0f81649 f72f082e510ba5673997db25cd76665b8609327c
     f72f082e510ba5673997db25cd76665b8609327c ce205a305dc457fab4287d9369b8a6244e3cd0c8
     ce205a305dc457fab4287d9369b8a6244e3cd0c8 cce0ad15ee38e0cd1900a80896a060b71e6b6503
     cce0ad15ee38e0cd1900a80896a060b71e6b6503 be5f0da17a3fcd6a47250aa603b3cfccc8a6f2f5
     be5f0da17a3fcd6a47250aa603b3cfccc8a6f2f5 7ee2709f76aa8db113792368e2004bbe3e84f548
     7ee2709f76aa8db113792368e2004bbe3e84f548 a8a03e41433f1bb4cbae6fc6023a924b98517fc0
     a8a03e41433f1bb4cbae6fc6023a924b98517fc0 813a44aef98a5312a478ab05263a5d0ab7c751eb 650275710bd2979edfbcaa2b9e6ff9fb6fe6daf0
     650275710bd2979edfbcaa2b9e6ff9fb6fe6daf0 813a44aef98a5312a478ab05263a5d0ab7c751eb
     813a44aef98a5312a478ab05263a5d0ab7c751eb b553a710a05d6c358f1f3e7bf09578f5f63a9e02
     b553a710a05d6c358f1f3e7bf09578f5f63a9e02 28dc53035ad0bf3fdbd531a86cdbaebb5af6db19
     28dc53035ad0bf3fdbd531a86cdbaebb5af6db19 f0cea5dfef6238ed6c013bd734a4182c573ba47f
     f0cea5dfef6238ed6c013bd734a4182c573ba47f 42fad4fd32b941408d8841aabd108db9ff512545
     42fad4fd32b941408d8841aabd108db9ff512545 5c92ed0e642c275e8de8c05b75453527194c9860
     5c92ed0e642c275e8de8c05b75453527194c9860 1c28fddbe4e0526285d520b922cacc55f04a69b2
     1c28fddbe4e0526285d520b922cacc55f04a69b2 d4709d73e3a10b9ab056cb4f23e448a35f6cd374
     d4709d73e3a10b9ab056cb4f23e448a35f6cd374 81a970eb9af3e6686f86ea8e18a5a42c55b170e2
     81a970eb9af3e6686f86ea8e18a5a42c55b170e2 95693c538013d7fa6bb8ed28d7a7036c2ec045c2
     95693c538013d7fa6bb8ed28d7a7036c2ec045c2 06d5abd695be739df3d1ac317cba2d64cab42251
     06d5abd695be739df3d1ac317cba2d64cab42251 37ed0216ede3d1150a9f5affa19edc165e8ecede
     37ed0216ede3d1150a9f5affa19edc165e8ecede d86bcfe7b23a3724d6cc90b9c3a6592fd81f8652
     d86bcfe7b23a3724d6cc90b9c3a6592fd81f8652 3e295cbc995beed41f8cd5a8c265e74cdb6a7ecb
     3e295cbc995beed41f8cd5a8c265e74cdb6a7ecb 45b29e064f7813c016fd7a87ead46791c8aa90ea
     45b29e064f7813c016fd7a87ead46791c8aa90ea ac028ad52a0e46b735e2247bb3956202579ecb6d
     ac028ad52a0e46b735e2247bb3956202579ecb6d ac6aca7a492b027640ce6fddbccd6dc0b197ef3b
     ac6aca7a492b027640ce6fddbccd6dc0b197ef3b 2913e45631691171fc1f042a8625c2cabca2b5d3
     2913e45631691171fc1f042a8625c2cabca2b5d3 01952cded1ee7f487c7892818adfe891b158fc64
     01952cded1ee7f487c7892818adfe891b158fc64 4e188d00199f2311240c753f53dc29506cf19863
     4e188d00199f2311240c753f53dc29506cf19863 99eeb151388ebeee44ef8377d87e871a0f7022e8
     99eeb151388ebeee44ef8377d87e871a0f7022e8 0e7da6c03e00ca1fe3e63360fa90c4cf8f31c3ce
     0e7da6c03e00ca1fe3e63360fa90c4cf8f31c3ce b4245822a400a104dfc98b0c0274c941555ab578
     b4245822a400a104dfc98b0c0274c941555ab578 16898e9423ff46c1516a436a865730df85457b6b
     16898e9423ff46c1516a436a865730df85457b6b a9f880726d9efcdc825ac1211941ff3622530d73
     a9f880726d9efcdc825ac1211941ff3622530d73 28c906e397af493c792fa60e93897ba7cbb873d1
     28c906e397af493c792fa60e93897ba7cbb873d1 a81641b3ee0a9e00d47d307aadf08dc5a98d4f47
     a81641b3ee0a9e00d47d307aadf08dc5a98d4f47 5bcfcb20cc697f70694fac4a1d2c15322652fe61
     5bcfcb20cc697f70694fac4a1d2c15322652fe61 e6939105660698792b634477e3cc64dca14eba29
     e6939105660698792b634477e3cc64dca14eba29 d091ef4d548bff2890fdf8dfdd5d4a5c08d4f35a
     d091ef4d548bff2890fdf8dfdd5d4a5c08d4f35a bdf82ccfd0302e6585bf2d6259e4dd502c3242f9
     bdf82ccfd0302e6585bf2d6259e4dd502c3242f9 147531ff603c200730faea4d78fd2c6c25e7949f
     147531ff603c200730faea4d78fd2c6c25e7949f 965b3fe6f725566827593779551f81dc8a3a9b38
     965b3fe6f725566827593779551f81dc8a3a9b38 a2a0512f1e674c5d191807d070b667349fc4a121
     a2a0512f1e674c5d191807d070b667349fc4a121 3cc76e993213b1fc075465493528d9822d596992
     3cc76e993213b1fc075465493528d9822d596992 387e8d60d1da2404a75ed904f2c68fb534d79faf
     387e8d60d1da2404a75ed904f2c68fb534d79faf 7bc2fa6b46878ff9db5cfdac5b60441fab77da44
     7bc2fa6b46878ff9db5cfdac5b60441fab77da44 3fcd9bb04cbb733a655a88f68a5112d78255c24c
     3fcd9bb04cbb733a655a88f68a5112d78255c24c 4521846b5de3cfc9dc22fedc5e219539125a4430
     4521846b5de3cfc9dc22fedc5e219539125a4430 b6ad26cbfd8fab4bb4268cc11cfbb6ecddab2fbf
     b6ad26cbfd8fab4bb4268cc11cfbb6ecddab2fbf 8e752a20f0a2cfda36019d691ea0d879eaa735c5
     8e752a20f0a2cfda36019d691ea0d879eaa735c5 ba53ededf71f999ccacf8a827d98c50ee44e277c
     ba53ededf71f999ccacf8a827d98c50ee44e277c 898f229b24e7152f9d4f1f98dc27d0c76e1954c2
     898f229b24e7152f9d4f1f98dc27d0c76e1954c2 e52f237fe6d928a8c20bb9ff4e51efa1ff0adcd8
     e52f237fe6d928a8c20bb9ff4e51efa1ff0adcd8 c28941acba36949c4e3d2c6cf2480e6a6a7f5f94
     c28941acba36949c4e3d2c6cf2480e6a6a7f5f94 57ddd3a033b71fba858d1c82de419b835086319c
     57ddd3a033b71fba858d1c82de419b835086319c c24563e5c7446b8de47e71553fbab4ee2e67168d
     c24563e5c7446b8de47e71553fbab4ee2e67168d 46e4e5fa6d51a79048f805e742c5df6d20b6501b
     46e4e5fa6d51a79048f805e742c5df6d20b6501b 4aee789f0590a95da1263e7e7bd2d9278af6006e
     4aee789f0590a95da1263e7e7bd2d9278af6006e 4ab8627bd18868c3f48b9a93d41d1f308ab260d9
     4ab8627bd18868c3f48b9a93d41d1f308ab260d9 9702d486148999afc6589d670c4e1b3962233405 357bf6d0b8ae8154d335132bbfde9ce341ac1f36
     9702d486148999afc6589d670c4e1b3962233405 d0fe0932cc9efa56153d16edd350bd45538023bb
     357bf6d0b8ae8154d335132bbfde9ce341ac1f36 3db282425b17df2d67672d2950290d628863fa31
     3db282425b17df2d67672d2950290d628863fa31 602a3216b1465dba7ff0d6499817e054d4031c6c
     602a3216b1465dba7ff0d6499817e054d4031c6c a9f5fbc8f1355ab75054bfadfbd6863ea3097ba4
     a9f5fbc8f1355ab75054bfadfbd6863ea3097ba4 d933648b05c7acee2b46cf6d6e3fd1d2cc3000f6 d0fe0932cc9efa56153d16edd350bd45538023bb
     d933648b05c7acee2b46cf6d6e3fd1d2cc3000f6 50e819c59dfabb240a856b1a3d0db3db87740efe
     d0fe0932cc9efa56153d16edd350bd45538023bb 50e819c59dfabb240a856b1a3d0db3db87740efe
     50e819c59dfabb240a856b1a3d0db3db87740efe e1448e6b09b2cb6f3fea2a25f8614dcd6da9830f
     e1448e6b09b2cb6f3fea2a25f8614dcd6da9830f 975c83a57c367b603121164e67ef491a55341b35
     975c83a57c367b603121164e67ef491a55341b35 86af078dee05682945d88231a13ed32a8a4e9fd0
     86af078dee05682945d88231a13ed32a8a4e9fd0 549a56cd66bdd665503b2f586ef0673a3ece1cec
     549a56cd66bdd665503b2f586ef0673a3ece1cec b3aa64e018612ebe4414238d6af2cfafe1c35f45
     b3aa64e018612ebe4414238d6af2cfafe1c35f45 ab8a6df985e2e123384b5aadecb6c9c4b0fa9a11
     ab8a6df985e2e123384b5aadecb6c9c4b0fa9a11 05a1b7ba3f0b9a29c135a098d65a2ca8bbe2eafe
     05a1b7ba3f0b9a29c135a098d65a2ca8bbe2eafe c4076826f61dc2ebf7710de599ae8c98ab467199
     c4076826f61dc2ebf7710de599ae8c98ab467199 bff947ed26db059c209d2e171e7c31e4c8fd5b56
     bff947ed26db059c209d2e171e7c31e4c8fd5b56 9846f0fc9c34fd256e8c904fc647882c9bc42258
     9846f0fc9c34fd256e8c904fc647882c9bc42258 dd53e3d0d4f6bc8be61fe5031ad8c4d2ee6f8bc5
     dd53e3d0d4f6bc8be61fe5031ad8c4d2ee6f8bc5 8a37ce78643b1faff29587e0953766d063d5ea7d
     8a37ce78643b1faff29587e0953766d063d5ea7d 0b0d57ee3f50bcf37a0332c867f7faa662c1814b
     0b0d57ee3f50bcf37a0332c867f7faa662c1814b 1f26d73747ea9a9cc911a59bb614d2b86e2c3259 ef69d99e364136485d259e69a013286904176670
     1f26d73747ea9a9cc911a59bb614d2b86e2c3259 2f8c0330e8b91acc5ddffe4d3e8d0775ffc9cf67
     ef69d99e364136485d259e69a013286904176670 1e6b44711605e8aa25a36238fd79e2489115513a
     1e6b44711605e8aa25a36238fd79e2489115513a d128ade4bb0359da32843f2841786524a88ae2f8
     d128ade4bb0359da32843f2841786524a88ae2f8 c0e15961a56f1eaafd2b4aae52907883ff3b6693
     c0e15961a56f1eaafd2b4aae52907883ff3b6693 5ba2575af342565e01b0d1416e771db874abaf87
     5ba2575af342565e01b0d1416e771db874abaf87 a43c5a1736ce4f12766bf86f577fd179cd0c9a87
     e87fbd08b21228b8358124f87ef68d3fd3191389 684c52250cd3e61776e0c0005b2de3b4a7e80cf7
     a43c5a1736ce4f12766bf86f577fd179cd0c9a87 c46b967a1cbdc51e9cf63e3958c3033d35eca492
     c46b967a1cbdc51e9cf63e3958c3033d35eca492 d1d8030e135cc13a821a9445ce0a2f3f6b042474
     684c52250cd3e61776e0c0005b2de3b4a7e80cf7 8a2461b80cdfdb41b14e17c25752253ed06b3964
     d1d8030e135cc13a821a9445ce0a2f3f6b042474 17f384722a60a642dc815e5031ecdb847eb55ac7
     8a2461b80cdfdb41b14e17c25752253ed06b3964 ef1b7e66414a7996bc034a56e4f37c8db525aad1
     17f384722a60a642dc815e5031ecdb847eb55ac7 8cda83318f7e28e22d9cd40aec46cbc2a0e819bc
     ef1b7e66414a7996bc034a56e4f37c8db525aad1 d85b9b18fbef9f03d78eadbb7472ad3b9a2f4f11
     8cda83318f7e28e22d9cd40aec46cbc2a0e819bc 2851983c23be71377ef68a1500c7b45a28536d2e
     d85b9b18fbef9f03d78eadbb7472ad3b9a2f4f11
     2851983c23be71377ef68a1500c7b45a28536d2e 2f8c0330e8b91acc5ddffe4d3e8d0775ffc9cf67
     2f8c0330e8b91acc5ddffe4d3e8d0775ffc9cf67 02c9381522d9bdaecee12b3ba0d03a585a724c9d
     02c9381522d9bdaecee12b3ba0d03a585a724c9d 901989bb3b946e31a4308d197ac7aeb6f6267815
     901989bb3b946e31a4308d197ac7aeb6f6267815 19da820324fc7db249328f06e1ef3c35c6f2caec
     19da820324fc7db249328f06e1ef3c35c6f2caec 67102e692f7bab973130edb8fb3457aa682e6cc6
     67102e692f7bab973130edb8fb3457aa682e6cc6 652df82607281ec7b419010b2f46bf18445b49cb
     652df82607281ec7b419010b2f46bf18445b49cb 348b3602ea5a06e2da717990c7084e15e75510a4
     348b3602ea5a06e2da717990c7084e15e75510a4 7babb824be45d08224eb972c181ed009609bc5d9
     7babb824be45d08224eb972c181ed009609bc5d9 3ddeeb11189a567a63ed112dbd2c908162719526 5cfdc14482666439479f9a7f2402aa842487df71
     3ddeeb11189a567a63ed112dbd2c908162719526 21812a27b40acca109e315ba8cfe1f57fc59d9d0
     5cfdc14482666439479f9a7f2402aa842487df71 8d739f325b54ecca9ee2e3e5d85c6d74a28d045a
     8d739f325b54ecca9ee2e3e5d85c6d74a28d045a 7925fc5ab7b7defd2396cba5d646c933179fea51
     7925fc5ab7b7defd2396cba5d646c933179fea51 d22c403485c73aec20965f47279f60283c29effc
     d22c403485c73aec20965f47279f60283c29effc e546e228e389873669d81e7263dda46556ac526b
     e546e228e389873669d81e7263dda46556ac526b 2f2cf4cedbc6eba5e15deccb944d1a4a557cb97d
     2f2cf4cedbc6eba5e15deccb944d1a4a557cb97d 636e6ae54ad3476d961ccac19161504d944923ce
     636e6ae54ad3476d961ccac19161504d944923ce 5e6db7d1a0f96288c1b6a00c3678a20d77f6872c
     5e6db7d1a0f96288c1b6a00c3678a20d77f6872c 2c08d974a57b1b18cc39c5fcfb56dc7e5f7e6731
     2c08d974a57b1b18cc39c5fcfb56dc7e5f7e6731 657635857f588a95e802cba1bb7cb0bee30ba5ee
     657635857f588a95e802cba1bb7cb0bee30ba5ee 1fd2943a902bcde1a3c5356bf6bd124f1d8ab6f7
     1fd2943a902bcde1a3c5356bf6bd124f1d8ab6f7 da23708213c8e7f64d17f60a32bc789c97ec5ee0
     da23708213c8e7f64d17f60a32bc789c97ec5ee0 0319f460c2be3f6ad6bd47be9a0d2dc3e28a4afa
     0319f460c2be3f6ad6bd47be9a0d2dc3e28a4afa def1d3bc328982d09d3d0f5d0c8f671d677a7e02
     def1d3bc328982d09d3d0f5d0c8f671d677a7e02 f94d3c43dbb2a64795a165f8991287f536b0d674 6030ecd8f38e60ca5fff639952009e0184619b55
     f94d3c43dbb2a64795a165f8991287f536b0d674 98ca50f243efa67f9989b813324848d9d7d77f35
     98ca50f243efa67f9989b813324848d9d7d77f35 098120aa7635e7da86d566162bd8f18ea1930789
     6030ecd8f38e60ca5fff639952009e0184619b55 098120aa7635e7da86d566162bd8f18ea1930789
     098120aa7635e7da86d566162bd8f18ea1930789 d51ebb188dd9c1a3611e4b663793ec6f02a09ad7
     d51ebb188dd9c1a3611e4b663793ec6f02a09ad7 95f1ee600450e86b9675c7fa198b2c70f2abcd4e
     21812a27b40acca109e315ba8cfe1f57fc59d9d0 8e70cdd0c835346e0222bf03d5b85fcc4d4f9440
     8e70cdd0c835346e0222bf03d5b85fcc4d4f9440 e35d37e19daeeb2cca41d131148151e5acd70509
     95f1ee600450e86b9675c7fa198b2c70f2abcd4e fe1231b004da1b428a6dc27e628fe67bd12020d5
     fe1231b004da1b428a6dc27e628fe67bd12020d5 09865a8a3efdd4aead78d7b5aeaedc49cf772d78
     09865a8a3efdd4aead78d7b5aeaedc49cf772d78 697e632c47393a1024995f7119b1f8e2e2e101de
     697e632c47393a1024995f7119b1f8e2e2e101de 5f737a7c747114c6ddab03b495713f3ce38caaca
     5f737a7c747114c6ddab03b495713f3ce38caaca 7f64872b2409af2f922a56984f99b1942f378e70
     7f64872b2409af2f922a56984f99b1942f378e70 e8f0f6f1a10602f3b3be35b3ca3a524b6daf7e60
     e8f0f6f1a10602f3b3be35b3ca3a524b6daf7e60 3d9b3738669015c546c886d46a6e8321bb36bc49 49ee5b1facb26a69fac7487e4eb97c601d27ed78
     3d9b3738669015c546c886d46a6e8321bb36bc49 3b223484d76907e6e565d76795fa15c227d7f515
     49ee5b1facb26a69fac7487e4eb97c601d27ed78 3b223484d76907e6e565d76795fa15c227d7f515
     3b223484d76907e6e565d76795fa15c227d7f515 e35d37e19daeeb2cca41d131148151e5acd70509
     e35d37e19daeeb2cca41d131148151e5acd70509 d828c75cbdcab1fa9eaed45d26aee82a66b5d777
     d828c75cbdcab1fa9eaed45d26aee82a66b5d777 345bb5b9e9b990864acaefe027c986f3ea5aac39
     345bb5b9e9b990864acaefe027c986f3ea5aac39 eff7397abe2c00a0d40dc23cf185c81bdbbdb735
     eff7397abe2c00a0d40dc23cf185c81bdbbdb735 6dd7d083a6829d27cd985e9de1b4142f5affa46d
     6dd7d083a6829d27cd985e9de1b4142f5affa46d 9efa9a118c2151da6be7fe69535ccf0b486f4c33
     9efa9a118c2151da6be7fe69535ccf0b486f4c33 890cb4e5401f1e3330c19b004978063af13be80d
     890cb4e5401f1e3330c19b004978063af13be80d 3eb56ec5519bb1fc4d22e509b5d1f80685c72a36
     3eb56ec5519bb1fc4d22e509b5d1f80685c72a36 d9f1724690ee894b8fb40447c3784037fd4e040c
     d9f1724690ee894b8fb40447c3784037fd4e040c
     err:git: /home/shanthini/XMOS/xSoftIPTools/1.0.17/xpd/libz.so.1: no version information available (required by git)
Run 'git status --porcelain --ignored' in /home/shanthini/GitHub/sc_spi
     ?? run_xpd.log
     err:git: /home/shanthini/XMOS/xSoftIPTools/1.0.17/xpd/libz.so.1: no version information available (required by git)
Run 'git status --porcelain --ignored' in /home/shanthini/GitHub/sc_sdcard
     M  app_sdcard_test/.cproject
     M  app_sdcard_test/.project
     M  module_FatFs/.cproject
      M module_FatFs/.module_FatFs.buildinfo
     M  module_FatFs/.project
     M  module_sdcardSPI/.cproject
      M module_sdcardSPI/.module_sdcardSPI.buildinfo
     M  module_sdcardSPI/.project
      M run_xpd.log
      M xpd.xml
     ?? __generated_module_FatFs_app/
     ?? __generated_module_sdcardSPI_app/
     ?? _build/
     !! app_sdcard_test/doc_quickstart/quickstart.rst~
     !! module_FatFs/src/ff.h~
     err:git: /home/shanthini/XMOS/xSoftIPTools/1.0.17/xpd/libz.so.1: no version information available (required by git)
Run 'git rev-parse --show-cdup' in /home/shanthini/GitHub/sc_sdcard
     
     err:git: /home/shanthini/XMOS/xSoftIPTools/1.0.17/xpd/libz.so.1: no version information available (required by git)
Run 'git show master:xpd.xml' in /home/shanthini/GitHub/sc_sdcard
     <?xml version="1.0" ?>
     <xpd>
         <components>
             <component name = "FAT Filesystem Library" type = "component" buildresults_path = "module_FatFs/.module_FatFs.buildinfo" scope = "General Use" path = "module_FatFs" metainfo_path = "module_FatFs/module_FatFs.metainfo" local = "false" id = "module_FatFs" description = "FAT filesystem library">
                 <board>XK-SKC-L2</board>
                 <componentDependency repo = "git://github.com/shanthinick/sc_sdcard.git">module_sdcardSPI</componentDependency>
                 <componentDependency repo = "git://github.com/xcore/sc_spi" version = "1.4.0">module_spi_master</componentDependency>
                 <keyword>FAT filesystem</keyword>
             </component>
             <component name = "SD Card Library" type = "component" buildresults_path = "module_sdcardSPI/.module_sdcardSPI.buildinfo" scope = "General Use" path = "module_sdcardSPI" metainfo_path = "module_sdcardSPI/module_sdcardSPI.metainfo" local = "false" id = "module_sdcardSPI" description = "SD card library using the SPI interface">
                 <board>XK-SKC-L2</board>
                 <componentDependency repo = "git://github.com/xcore/sc_spi" version = "1.4.0">module_spi_master</componentDependency>
                 <keyword>SD</keyword>
                 <keyword>SPI</keyword>
             </component>
             <component description = "Application demonstrating the use of FAT filesystem to read/write files on SD card using the SPI interface" type = "demoCode" scope = "General Use" path = "app_sdcard_test" local = "false" id = "app_sdcard_test" name = "SD card demo application">
                 <board>XK-SKC-L2</board>
                 <componentDependency repo = "git://github.com/shanthinick/sc_sdcard.git">module_sdcardSPI</componentDependency>
                 <componentDependency repo = "git://github.com/shanthinick/sc_sdcard.git">module_FatFs</componentDependency>
                 <componentDependency repo = "git://github.com/xcore/sc_spi" version = "1.4.0">module_spi_master</componentDependency>
                 <keyword>FAT Filesystem</keyword>
                 <keyword>SD</keyword>
                 <keyword>SPI</keyword>
             </component>
         </components>
         <dependency repo = "sc_spi">
             <githash>0e7f075d405ba768620f0476a3c27715d0f81649</githash>
             <uri>https://github.com/xcore/sc_spi.git</uri>
             <version>1.4.0rc0</version>
         </dependency>
         <description>SD card</description>
         <docdir>app_sdcard_test/doc_quickstart</docdir>
         <docdir>module_sdcardSPI/doc</docdir>
         <docdir>module_FatFs/doc</docdir>
         <exclude_dir>module_sdcard4bit</exclude_dir>
         <location>https://github.com/shanthinick/sc_sdcard.git</location>
         <name>sc_sdcard</name>
         <maintainer>davelxmos</maintainer>
         <partnumber>XM-004511-DH</partnumber>
         <subpartnumber>XM-004512-SM</subpartnumber>
         <vendor>XMOS</vendor>
         <version_defines></version_defines>
         <xcore_repo>git://github.com/xcore/sc_sdcard.git</xcore_repo>
         <xpd_version>1.0</xpd_version>
     </xpd>
     err:git: /home/shanthini/XMOS/xSoftIPTools/1.0.17/xpd/libz.so.1: no version information available (required by git)
Run 'git rev-parse --show-cdup' in /home/shanthini/GitHub/sc_spi
     
     err:git: /home/shanthini/XMOS/xSoftIPTools/1.0.17/xpd/libz.so.1: no version information available (required by git)
Run 'git rev-parse --show-cdup' in /home/shanthini/GitHub/sc_slicekit_support
     
     err:git: /home/shanthini/XMOS/xSoftIPTools/1.0.17/xpd/libz.so.1: no version information available (required by git)
Run 'git rev-list --parents --all' in /home/shanthini/GitHub/sc_slicekit_support
     1fe91159be22d2e358e4dd457c5ed0cd8d17fc18 eaf68b396781d32e037dd58100952d923e502257 be8353686c6d9e22a6125ccdf979a31c379091d0
     be8353686c6d9e22a6125ccdf979a31c379091d0 6357d2c4acf47cc71ab5a8f6614d2b7b806e9fae
     6357d2c4acf47cc71ab5a8f6614d2b7b806e9fae eaf68b396781d32e037dd58100952d923e502257
     eaf68b396781d32e037dd58100952d923e502257 7920fc4235a96585274d73d25d275ea63b4cd285
     7920fc4235a96585274d73d25d275ea63b4cd285 2fc3fc597c9d9d2bbe7073d760078a299fd9b572
     2fc3fc597c9d9d2bbe7073d760078a299fd9b572 7a05c790c61bb29c2d4ffb0d1c5782c342cf0c21
     7a05c790c61bb29c2d4ffb0d1c5782c342cf0c21 65849485a1e0e5a2180263c24593bc47745adb1a
     65849485a1e0e5a2180263c24593bc47745adb1a a432375d409305cf3a4316fa94ad824118de5ba7
     a432375d409305cf3a4316fa94ad824118de5ba7 a2c6a6431ace10103958692970f7902e7d106761
     a2c6a6431ace10103958692970f7902e7d106761 bbd9ad427eda446a26c6b96fcc131009c3d41697
     bbd9ad427eda446a26c6b96fcc131009c3d41697
     err:git: /home/shanthini/XMOS/xSoftIPTools/1.0.17/xpd/libz.so.1: no version information available (required by git)
Run 'git status --porcelain --ignored' in /home/shanthini/GitHub/sc_slicekit_support
     ?? run_xpd.log
     err:git: /home/shanthini/XMOS/xSoftIPTools/1.0.17/xpd/libz.so.1: no version information available (required by git)
Run 'git rev-parse --show-cdup' in /home/shanthini/GitHub/sc_slicekit_support
     
     err:git: /home/shanthini/XMOS/xSoftIPTools/1.0.17/xpd/libz.so.1: no version information available (required by git)
Run 'git show master:xpd.xml' in /home/shanthini/GitHub/sc_slicekit_support
     <?xml version="1.0" ?>
     <xpd>
         <components>
             <component name = "Slicekit Core Board Support Library" type = "component" buildresults_path = "module_slicekit_support/.module_slicekit_support.buildinfo" scope = "General Use" path = "module_slicekit_support" metainfo_path = "module_slicekit_support/module_slicekit_support.metainfo" local = "false" id = "module_slicekit_support" description = "A library for configuring the sliceKIT Core Board ports">
                 <keyword>slicekit</keyword>
                 <keyword>spi</keyword>
             </component>
         </components>
         <description>Slicekit support library</description>
         <location>git://github.com/xcore/sc_slicekit_support.git</location>
         <name>sc_slicekit_support</name>
         <partnumber>XM-003385-DH</partnumber>
         <release parenthash = "2fc3fc597c9d9d2bbe7073d760078a299fd9b572" version = "1.0.3rc0" githash = "7920fc4235a96585274d73d25d275ea63b4cd285"></release>
         <release parenthash = "6357d2c4acf47cc71ab5a8f6614d2b7b806e9fae" version = "1.0.4rc0"></release>
         <subpartnumber>XM-003386-SM</subpartnumber>
         <vendor>XMOS</vendor>
         <version_defines></version_defines>
         <xcore_repo>git://github.com/xcore/sc_slicekit_support.git</xcore_repo>
         <xpd_version>1.0</xpd_version>
     </xpd>
     err:git: /home/shanthini/XMOS/xSoftIPTools/1.0.17/xpd/libz.so.1: no version information available (required by git)
Run 'git rev-list --parents --all' in /home/shanthini/GitHub/sc_slicekit_support
     1fe91159be22d2e358e4dd457c5ed0cd8d17fc18 eaf68b396781d32e037dd58100952d923e502257 be8353686c6d9e22a6125ccdf979a31c379091d0
     be8353686c6d9e22a6125ccdf979a31c379091d0 6357d2c4acf47cc71ab5a8f6614d2b7b806e9fae
     6357d2c4acf47cc71ab5a8f6614d2b7b806e9fae eaf68b396781d32e037dd58100952d923e502257
     eaf68b396781d32e037dd58100952d923e502257 7920fc4235a96585274d73d25d275ea63b4cd285
     7920fc4235a96585274d73d25d275ea63b4cd285 2fc3fc597c9d9d2bbe7073d760078a299fd9b572
     2fc3fc597c9d9d2bbe7073d760078a299fd9b572 7a05c790c61bb29c2d4ffb0d1c5782c342cf0c21
     7a05c790c61bb29c2d4ffb0d1c5782c342cf0c21 65849485a1e0e5a2180263c24593bc47745adb1a
     65849485a1e0e5a2180263c24593bc47745adb1a a432375d409305cf3a4316fa94ad824118de5ba7
     a432375d409305cf3a4316fa94ad824118de5ba7 a2c6a6431ace10103958692970f7902e7d106761
     a2c6a6431ace10103958692970f7902e7d106761 bbd9ad427eda446a26c6b96fcc131009c3d41697
     bbd9ad427eda446a26c6b96fcc131009c3d41697
     err:git: /home/shanthini/XMOS/xSoftIPTools/1.0.17/xpd/libz.so.1: no version information available (required by git)
Run 'git status --porcelain --ignored' in /home/shanthini/GitHub/sc_slicekit_support
     ?? run_xpd.log
     err:git: /home/shanthini/XMOS/xSoftIPTools/1.0.17/xpd/libz.so.1: no version information available (required by git)
Run 'git rev-list --parents --all' in /home/shanthini/GitHub/sc_spi
     0e7f075d405ba768620f0476a3c27715d0f81649 f72f082e510ba5673997db25cd76665b8609327c
     f72f082e510ba5673997db25cd76665b8609327c ce205a305dc457fab4287d9369b8a6244e3cd0c8
     ce205a305dc457fab4287d9369b8a6244e3cd0c8 cce0ad15ee38e0cd1900a80896a060b71e6b6503
     cce0ad15ee38e0cd1900a80896a060b71e6b6503 be5f0da17a3fcd6a47250aa603b3cfccc8a6f2f5
     be5f0da17a3fcd6a47250aa603b3cfccc8a6f2f5 7ee2709f76aa8db113792368e2004bbe3e84f548
     7ee2709f76aa8db113792368e2004bbe3e84f548 a8a03e41433f1bb4cbae6fc6023a924b98517fc0
     a8a03e41433f1bb4cbae6fc6023a924b98517fc0 813a44aef98a5312a478ab05263a5d0ab7c751eb 650275710bd2979edfbcaa2b9e6ff9fb6fe6daf0
     650275710bd2979edfbcaa2b9e6ff9fb6fe6daf0 813a44aef98a5312a478ab05263a5d0ab7c751eb
     813a44aef98a5312a478ab05263a5d0ab7c751eb b553a710a05d6c358f1f3e7bf09578f5f63a9e02
     b553a710a05d6c358f1f3e7bf09578f5f63a9e02 28dc53035ad0bf3fdbd531a86cdbaebb5af6db19
     28dc53035ad0bf3fdbd531a86cdbaebb5af6db19 f0cea5dfef6238ed6c013bd734a4182c573ba47f
     f0cea5dfef6238ed6c013bd734a4182c573ba47f 42fad4fd32b941408d8841aabd108db9ff512545
     42fad4fd32b941408d8841aabd108db9ff512545 5c92ed0e642c275e8de8c05b75453527194c9860
     5c92ed0e642c275e8de8c05b75453527194c9860 1c28fddbe4e0526285d520b922cacc55f04a69b2
     1c28fddbe4e0526285d520b922cacc55f04a69b2 d4709d73e3a10b9ab056cb4f23e448a35f6cd374
     d4709d73e3a10b9ab056cb4f23e448a35f6cd374 81a970eb9af3e6686f86ea8e18a5a42c55b170e2
     81a970eb9af3e6686f86ea8e18a5a42c55b170e2 95693c538013d7fa6bb8ed28d7a7036c2ec045c2
     95693c538013d7fa6bb8ed28d7a7036c2ec045c2 06d5abd695be739df3d1ac317cba2d64cab42251
     06d5abd695be739df3d1ac317cba2d64cab42251 37ed0216ede3d1150a9f5affa19edc165e8ecede
     37ed0216ede3d1150a9f5affa19edc165e8ecede d86bcfe7b23a3724d6cc90b9c3a6592fd81f8652
     d86bcfe7b23a3724d6cc90b9c3a6592fd81f8652 3e295cbc995beed41f8cd5a8c265e74cdb6a7ecb
     3e295cbc995beed41f8cd5a8c265e74cdb6a7ecb 45b29e064f7813c016fd7a87ead46791c8aa90ea
     45b29e064f7813c016fd7a87ead46791c8aa90ea ac028ad52a0e46b735e2247bb3956202579ecb6d
     ac028ad52a0e46b735e2247bb3956202579ecb6d ac6aca7a492b027640ce6fddbccd6dc0b197ef3b
     ac6aca7a492b027640ce6fddbccd6dc0b197ef3b 2913e45631691171fc1f042a8625c2cabca2b5d3
     2913e45631691171fc1f042a8625c2cabca2b5d3 01952cded1ee7f487c7892818adfe891b158fc64
     01952cded1ee7f487c7892818adfe891b158fc64 4e188d00199f2311240c753f53dc29506cf19863
     4e188d00199f2311240c753f53dc29506cf19863 99eeb151388ebeee44ef8377d87e871a0f7022e8
     99eeb151388ebeee44ef8377d87e871a0f7022e8 0e7da6c03e00ca1fe3e63360fa90c4cf8f31c3ce
     0e7da6c03e00ca1fe3e63360fa90c4cf8f31c3ce b4245822a400a104dfc98b0c0274c941555ab578
     b4245822a400a104dfc98b0c0274c941555ab578 16898e9423ff46c1516a436a865730df85457b6b
     16898e9423ff46c1516a436a865730df85457b6b a9f880726d9efcdc825ac1211941ff3622530d73
     a9f880726d9efcdc825ac1211941ff3622530d73 28c906e397af493c792fa60e93897ba7cbb873d1
     28c906e397af493c792fa60e93897ba7cbb873d1 a81641b3ee0a9e00d47d307aadf08dc5a98d4f47
     a81641b3ee0a9e00d47d307aadf08dc5a98d4f47 5bcfcb20cc697f70694fac4a1d2c15322652fe61
     5bcfcb20cc697f70694fac4a1d2c15322652fe61 e6939105660698792b634477e3cc64dca14eba29
     e6939105660698792b634477e3cc64dca14eba29 d091ef4d548bff2890fdf8dfdd5d4a5c08d4f35a
     d091ef4d548bff2890fdf8dfdd5d4a5c08d4f35a bdf82ccfd0302e6585bf2d6259e4dd502c3242f9
     bdf82ccfd0302e6585bf2d6259e4dd502c3242f9 147531ff603c200730faea4d78fd2c6c25e7949f
     147531ff603c200730faea4d78fd2c6c25e7949f 965b3fe6f725566827593779551f81dc8a3a9b38
     965b3fe6f725566827593779551f81dc8a3a9b38 a2a0512f1e674c5d191807d070b667349fc4a121
     a2a0512f1e674c5d191807d070b667349fc4a121 3cc76e993213b1fc075465493528d9822d596992
     3cc76e993213b1fc075465493528d9822d596992 387e8d60d1da2404a75ed904f2c68fb534d79faf
     387e8d60d1da2404a75ed904f2c68fb534d79faf 7bc2fa6b46878ff9db5cfdac5b60441fab77da44
     7bc2fa6b46878ff9db5cfdac5b60441fab77da44 3fcd9bb04cbb733a655a88f68a5112d78255c24c
     3fcd9bb04cbb733a655a88f68a5112d78255c24c 4521846b5de3cfc9dc22fedc5e219539125a4430
     4521846b5de3cfc9dc22fedc5e219539125a4430 b6ad26cbfd8fab4bb4268cc11cfbb6ecddab2fbf
     b6ad26cbfd8fab4bb4268cc11cfbb6ecddab2fbf 8e752a20f0a2cfda36019d691ea0d879eaa735c5
     8e752a20f0a2cfda36019d691ea0d879eaa735c5 ba53ededf71f999ccacf8a827d98c50ee44e277c
     ba53ededf71f999ccacf8a827d98c50ee44e277c 898f229b24e7152f9d4f1f98dc27d0c76e1954c2
     898f229b24e7152f9d4f1f98dc27d0c76e1954c2 e52f237fe6d928a8c20bb9ff4e51efa1ff0adcd8
     e52f237fe6d928a8c20bb9ff4e51efa1ff0adcd8 c28941acba36949c4e3d2c6cf2480e6a6a7f5f94
     c28941acba36949c4e3d2c6cf2480e6a6a7f5f94 57ddd3a033b71fba858d1c82de419b835086319c
     57ddd3a033b71fba858d1c82de419b835086319c c24563e5c7446b8de47e71553fbab4ee2e67168d
     c24563e5c7446b8de47e71553fbab4ee2e67168d 46e4e5fa6d51a79048f805e742c5df6d20b6501b
     46e4e5fa6d51a79048f805e742c5df6d20b6501b 4aee789f0590a95da1263e7e7bd2d9278af6006e
     4aee789f0590a95da1263e7e7bd2d9278af6006e 4ab8627bd18868c3f48b9a93d41d1f308ab260d9
     4ab8627bd18868c3f48b9a93d41d1f308ab260d9 9702d486148999afc6589d670c4e1b3962233405 357bf6d0b8ae8154d335132bbfde9ce341ac1f36
     9702d486148999afc6589d670c4e1b3962233405 d0fe0932cc9efa56153d16edd350bd45538023bb
     357bf6d0b8ae8154d335132bbfde9ce341ac1f36 3db282425b17df2d67672d2950290d628863fa31
     3db282425b17df2d67672d2950290d628863fa31 602a3216b1465dba7ff0d6499817e054d4031c6c
     602a3216b1465dba7ff0d6499817e054d4031c6c a9f5fbc8f1355ab75054bfadfbd6863ea3097ba4
     a9f5fbc8f1355ab75054bfadfbd6863ea3097ba4 d933648b05c7acee2b46cf6d6e3fd1d2cc3000f6 d0fe0932cc9efa56153d16edd350bd45538023bb
     d933648b05c7acee2b46cf6d6e3fd1d2cc3000f6 50e819c59dfabb240a856b1a3d0db3db87740efe
     d0fe0932cc9efa56153d16edd350bd45538023bb 50e819c59dfabb240a856b1a3d0db3db87740efe
     50e819c59dfabb240a856b1a3d0db3db87740efe e1448e6b09b2cb6f3fea2a25f8614dcd6da9830f
     e1448e6b09b2cb6f3fea2a25f8614dcd6da9830f 975c83a57c367b603121164e67ef491a55341b35
     975c83a57c367b603121164e67ef491a55341b35 86af078dee05682945d88231a13ed32a8a4e9fd0
     86af078dee05682945d88231a13ed32a8a4e9fd0 549a56cd66bdd665503b2f586ef0673a3ece1cec
     549a56cd66bdd665503b2f586ef0673a3ece1cec b3aa64e018612ebe4414238d6af2cfafe1c35f45
     b3aa64e018612ebe4414238d6af2cfafe1c35f45 ab8a6df985e2e123384b5aadecb6c9c4b0fa9a11
     ab8a6df985e2e123384b5aadecb6c9c4b0fa9a11 05a1b7ba3f0b9a29c135a098d65a2ca8bbe2eafe
     05a1b7ba3f0b9a29c135a098d65a2ca8bbe2eafe c4076826f61dc2ebf7710de599ae8c98ab467199
     c4076826f61dc2ebf7710de599ae8c98ab467199 bff947ed26db059c209d2e171e7c31e4c8fd5b56
     bff947ed26db059c209d2e171e7c31e4c8fd5b56 9846f0fc9c34fd256e8c904fc647882c9bc42258
     9846f0fc9c34fd256e8c904fc647882c9bc42258 dd53e3d0d4f6bc8be61fe5031ad8c4d2ee6f8bc5
     dd53e3d0d4f6bc8be61fe5031ad8c4d2ee6f8bc5 8a37ce78643b1faff29587e0953766d063d5ea7d
     8a37ce78643b1faff29587e0953766d063d5ea7d 0b0d57ee3f50bcf37a0332c867f7faa662c1814b
     0b0d57ee3f50bcf37a0332c867f7faa662c1814b 1f26d73747ea9a9cc911a59bb614d2b86e2c3259 ef69d99e364136485d259e69a013286904176670
     1f26d73747ea9a9cc911a59bb614d2b86e2c3259 2f8c0330e8b91acc5ddffe4d3e8d0775ffc9cf67
     ef69d99e364136485d259e69a013286904176670 1e6b44711605e8aa25a36238fd79e2489115513a
     1e6b44711605e8aa25a36238fd79e2489115513a d128ade4bb0359da32843f2841786524a88ae2f8
     d128ade4bb0359da32843f2841786524a88ae2f8 c0e15961a56f1eaafd2b4aae52907883ff3b6693
     c0e15961a56f1eaafd2b4aae52907883ff3b6693 5ba2575af342565e01b0d1416e771db874abaf87
     5ba2575af342565e01b0d1416e771db874abaf87 a43c5a1736ce4f12766bf86f577fd179cd0c9a87
     e87fbd08b21228b8358124f87ef68d3fd3191389 684c52250cd3e61776e0c0005b2de3b4a7e80cf7
     a43c5a1736ce4f12766bf86f577fd179cd0c9a87 c46b967a1cbdc51e9cf63e3958c3033d35eca492
     c46b967a1cbdc51e9cf63e3958c3033d35eca492 d1d8030e135cc13a821a9445ce0a2f3f6b042474
     684c52250cd3e61776e0c0005b2de3b4a7e80cf7 8a2461b80cdfdb41b14e17c25752253ed06b3964
     d1d8030e135cc13a821a9445ce0a2f3f6b042474 17f384722a60a642dc815e5031ecdb847eb55ac7
     8a2461b80cdfdb41b14e17c25752253ed06b3964 ef1b7e66414a7996bc034a56e4f37c8db525aad1
     17f384722a60a642dc815e5031ecdb847eb55ac7 8cda83318f7e28e22d9cd40aec46cbc2a0e819bc
     ef1b7e66414a7996bc034a56e4f37c8db525aad1 d85b9b18fbef9f03d78eadbb7472ad3b9a2f4f11
     8cda83318f7e28e22d9cd40aec46cbc2a0e819bc 2851983c23be71377ef68a1500c7b45a28536d2e
     d85b9b18fbef9f03d78eadbb7472ad3b9a2f4f11
     2851983c23be71377ef68a1500c7b45a28536d2e 2f8c0330e8b91acc5ddffe4d3e8d0775ffc9cf67
     2f8c0330e8b91acc5ddffe4d3e8d0775ffc9cf67 02c9381522d9bdaecee12b3ba0d03a585a724c9d
     02c9381522d9bdaecee12b3ba0d03a585a724c9d 901989bb3b946e31a4308d197ac7aeb6f6267815
     901989bb3b946e31a4308d197ac7aeb6f6267815 19da820324fc7db249328f06e1ef3c35c6f2caec
     19da820324fc7db249328f06e1ef3c35c6f2caec 67102e692f7bab973130edb8fb3457aa682e6cc6
     67102e692f7bab973130edb8fb3457aa682e6cc6 652df82607281ec7b419010b2f46bf18445b49cb
     652df82607281ec7b419010b2f46bf18445b49cb 348b3602ea5a06e2da717990c7084e15e75510a4
     348b3602ea5a06e2da717990c7084e15e75510a4 7babb824be45d08224eb972c181ed009609bc5d9
     7babb824be45d08224eb972c181ed009609bc5d9 3ddeeb11189a567a63ed112dbd2c908162719526 5cfdc14482666439479f9a7f2402aa842487df71
     3ddeeb11189a567a63ed112dbd2c908162719526 21812a27b40acca109e315ba8cfe1f57fc59d9d0
     5cfdc14482666439479f9a7f2402aa842487df71 8d739f325b54ecca9ee2e3e5d85c6d74a28d045a
     8d739f325b54ecca9ee2e3e5d85c6d74a28d045a 7925fc5ab7b7defd2396cba5d646c933179fea51
     7925fc5ab7b7defd2396cba5d646c933179fea51 d22c403485c73aec20965f47279f60283c29effc
     d22c403485c73aec20965f47279f60283c29effc e546e228e389873669d81e7263dda46556ac526b
     e546e228e389873669d81e7263dda46556ac526b 2f2cf4cedbc6eba5e15deccb944d1a4a557cb97d
     2f2cf4cedbc6eba5e15deccb944d1a4a557cb97d 636e6ae54ad3476d961ccac19161504d944923ce
     636e6ae54ad3476d961ccac19161504d944923ce 5e6db7d1a0f96288c1b6a00c3678a20d77f6872c
     5e6db7d1a0f96288c1b6a00c3678a20d77f6872c 2c08d974a57b1b18cc39c5fcfb56dc7e5f7e6731
     2c08d974a57b1b18cc39c5fcfb56dc7e5f7e6731 657635857f588a95e802cba1bb7cb0bee30ba5ee
     657635857f588a95e802cba1bb7cb0bee30ba5ee 1fd2943a902bcde1a3c5356bf6bd124f1d8ab6f7
     1fd2943a902bcde1a3c5356bf6bd124f1d8ab6f7 da23708213c8e7f64d17f60a32bc789c97ec5ee0
     da23708213c8e7f64d17f60a32bc789c97ec5ee0 0319f460c2be3f6ad6bd47be9a0d2dc3e28a4afa
     0319f460c2be3f6ad6bd47be9a0d2dc3e28a4afa def1d3bc328982d09d3d0f5d0c8f671d677a7e02
     def1d3bc328982d09d3d0f5d0c8f671d677a7e02 f94d3c43dbb2a64795a165f8991287f536b0d674 6030ecd8f38e60ca5fff639952009e0184619b55
     f94d3c43dbb2a64795a165f8991287f536b0d674 98ca50f243efa67f9989b813324848d9d7d77f35
     98ca50f243efa67f9989b813324848d9d7d77f35 098120aa7635e7da86d566162bd8f18ea1930789
     6030ecd8f38e60ca5fff639952009e0184619b55 098120aa7635e7da86d566162bd8f18ea1930789
     098120aa7635e7da86d566162bd8f18ea1930789 d51ebb188dd9c1a3611e4b663793ec6f02a09ad7
     d51ebb188dd9c1a3611e4b663793ec6f02a09ad7 95f1ee600450e86b9675c7fa198b2c70f2abcd4e
     21812a27b40acca109e315ba8cfe1f57fc59d9d0 8e70cdd0c835346e0222bf03d5b85fcc4d4f9440
     8e70cdd0c835346e0222bf03d5b85fcc4d4f9440 e35d37e19daeeb2cca41d131148151e5acd70509
     95f1ee600450e86b9675c7fa198b2c70f2abcd4e fe1231b004da1b428a6dc27e628fe67bd12020d5
     fe1231b004da1b428a6dc27e628fe67bd12020d5 09865a8a3efdd4aead78d7b5aeaedc49cf772d78
     09865a8a3efdd4aead78d7b5aeaedc49cf772d78 697e632c47393a1024995f7119b1f8e2e2e101de
     697e632c47393a1024995f7119b1f8e2e2e101de 5f737a7c747114c6ddab03b495713f3ce38caaca
     5f737a7c747114c6ddab03b495713f3ce38caaca 7f64872b2409af2f922a56984f99b1942f378e70
     7f64872b2409af2f922a56984f99b1942f378e70 e8f0f6f1a10602f3b3be35b3ca3a524b6daf7e60
     e8f0f6f1a10602f3b3be35b3ca3a524b6daf7e60 3d9b3738669015c546c886d46a6e8321bb36bc49 49ee5b1facb26a69fac7487e4eb97c601d27ed78
     3d9b3738669015c546c886d46a6e8321bb36bc49 3b223484d76907e6e565d76795fa15c227d7f515
     49ee5b1facb26a69fac7487e4eb97c601d27ed78 3b223484d76907e6e565d76795fa15c227d7f515
     3b223484d76907e6e565d76795fa15c227d7f515 e35d37e19daeeb2cca41d131148151e5acd70509
     e35d37e19daeeb2cca41d131148151e5acd70509 d828c75cbdcab1fa9eaed45d26aee82a66b5d777
     d828c75cbdcab1fa9eaed45d26aee82a66b5d777 345bb5b9e9b990864acaefe027c986f3ea5aac39
     345bb5b9e9b990864acaefe027c986f3ea5aac39 eff7397abe2c00a0d40dc23cf185c81bdbbdb735
     eff7397abe2c00a0d40dc23cf185c81bdbbdb735 6dd7d083a6829d27cd985e9de1b4142f5affa46d
     6dd7d083a6829d27cd985e9de1b4142f5affa46d 9efa9a118c2151da6be7fe69535ccf0b486f4c33
     9efa9a118c2151da6be7fe69535ccf0b486f4c33 890cb4e5401f1e3330c19b004978063af13be80d
     890cb4e5401f1e3330c19b004978063af13be80d 3eb56ec5519bb1fc4d22e509b5d1f80685c72a36
     3eb56ec5519bb1fc4d22e509b5d1f80685c72a36 d9f1724690ee894b8fb40447c3784037fd4e040c
     d9f1724690ee894b8fb40447c3784037fd4e040c
     err:git: /home/shanthini/XMOS/xSoftIPTools/1.0.17/xpd/libz.so.1: no version information available (required by git)
Run 'git status --porcelain --ignored' in /home/shanthini/GitHub/sc_spi
     ?? run_xpd.log
     err:git: /home/shanthini/XMOS/xSoftIPTools/1.0.17/xpd/libz.so.1: no version information available (required by git)
Run 'git rev-parse --show-cdup' in /home/shanthini/GitHub/sc_spi
     
     err:git: /home/shanthini/XMOS/xSoftIPTools/1.0.17/xpd/libz.so.1: no version information available (required by git)
Run 'git show master:xpd.xml' in /home/shanthini/GitHub/sc_spi
     <?xml version="1.0" ?>
     <xpd>
         <components>
             <component description = "Usage Example for xSOFTip SPI Master Module looped back to xSOFTip Slave Module" type = "demoCode" scope = "Example" path = "app_spi_loopback_demo" local = "false" id = "app_spi_loopback_demo" name = "SPI Master/Slave Loopback Demo">
                 <board>XK-1A</board>
                 <board>XK-SKC-L2</board>
                 <componentDependency repo = "git://github.com/xcore/sc_spi" version = "1.3.1">module_spi_slave</componentDependency>
                 <componentDependency repo = "git://github.com/xcore/sc_spi" version = "1.3.1">module_spi_master</componentDependency>
                 <keyword>SPI</keyword>
                 <keyword>demo</keyword>
             </component>
             <component description = "Usage Example for xSOFTip SPI Master Module with External Flash" type = "demoCode" scope = "Example" path = "app_spi_master_demo" local = "false" id = "app_spi_master_demo" name = "SPI Master Example Application">
                 <board>XK-1A</board>
                 <board>XK-SKC-L2</board>
                 <componentDependency repo = "git://github.com/xcore/sc_slicekit_support.git" version = "1.0.4">module_slicekit_support</componentDependency>
                 <componentDependency repo = "git://github.com/xcore/sc_spi" version = "1.3.1">module_spi_master</componentDependency>
                 <keyword>SPI</keyword>
                 <keyword>Flash</keyword>
             </component>
             <component name = "SPI Master Function Library" type = "component" buildresults_path = "module_spi_master/.module_spi_master.buildinfo" scope = "General Use" path = "module_spi_master" metainfo_path = "module_spi_master/module_spi_master.metainfo" local = "false" id = "module_spi_master" description = "SPI Master Function Library tested for operation up to 25MHz SCLK frequency and all four SPI modes">
                 <board>XK-1A</board>
                 <board>XK-SKC-L2</board>
                 <keyword>SPI</keyword>
                 <keyword>Flash</keyword>
             </component>
             <component name = "SPI Slave Function Library" type = "component" buildresults_path = "module_spi_slave/.module_spi_slave.buildinfo" scope = "Early Development" path = "module_spi_slave" metainfo_path = "module_spi_slave/module_spi_slave.metainfo" local = "false" id = "module_spi_slave" description = "SPI Slave Function Library tested for operation up to 25MHz SCLK frequency and all four SPI modes">
                 <board>XK-1A</board>
                 <keyword>SPI</keyword>
             </component>
         </components>
         <dependency repo = "sc_slicekit_support">
             <githash>be8353686c6d9e22a6125ccdf979a31c379091d0</githash>
             <uri>https://github.com/xcore/sc_slicekit_support.git</uri>
             <version>1.0.4rc0</version>
         </dependency>
         <description>SPI protocol components</description>
         <docdir>module_spi_master/doc</docdir>
         <docdir>module_spi_slave/doc</docdir>
         <docdir>app_spi_master_demo/doc_quickstart</docdir>
         <docdir>app_spi_loopback_demo/doc_quickstart</docdir>
         <exclude_dir>app_spi_slave_sim_test</exclude_dir>
         <exclude_dir>app_xc1a_spi_example</exclude_dir>
         <location>ssh://git@github.com/xcore/sc_spi</location>
         <name>sc_spi</name>
         <maintainer>djpwilk</maintainer>
         <partnumber>XM-001614-DH</partnumber>
         <release parenthash = "d828c75cbdcab1fa9eaed45d26aee82a66b5d777" version = "1.1.0beta0" githash = "e35d37e19daeeb2cca41d131148151e5acd70509"></release>
         <release parenthash = "8e70cdd0c835346e0222bf03d5b85fcc4d4f9440" version = "1.1.0rc0" githash = "21812a27b40acca109e315ba8cfe1f57fc59d9d0"></release>
         <release parenthash = "5ba2575af342565e01b0d1416e771db874abaf87" version = "1.2.0beta0" githash = "c0e15961a56f1eaafd2b4aae52907883ff3b6693"></release>
         <release parenthash = "d128ade4bb0359da32843f2841786524a88ae2f8" version = "1.2.0rc0" githash = "1e6b44711605e8aa25a36238fd79e2489115513a"></release>
         <release parenthash = "05a1b7ba3f0b9a29c135a098d65a2ca8bbe2eafe" version = "1.3.0alpha0" githash = "ab8a6df985e2e123384b5aadecb6c9c4b0fa9a11"></release>
         <release parenthash = "a9f5fbc8f1355ab75054bfadfbd6863ea3097ba4" version = "1.3.0alpha1" githash = "602a3216b1465dba7ff0d6499817e054d4031c6c"></release>
         <release parenthash = "3db282425b17df2d67672d2950290d628863fa31" version = "1.3.0alpha2" githash = "357bf6d0b8ae8154d335132bbfde9ce341ac1f36"></release>
         <release parenthash = "4ab8627bd18868c3f48b9a93d41d1f308ab260d9" version = "1.3.0alpha3" githash = "4aee789f0590a95da1263e7e7bd2d9278af6006e"></release>
         <release parenthash = "46e4e5fa6d51a79048f805e742c5df6d20b6501b" version = "1.3.0alpha4" githash = "c24563e5c7446b8de47e71553fbab4ee2e67168d"></release>
         <release parenthash = "965b3fe6f725566827593779551f81dc8a3a9b38" version = "1.3.0alpha5" githash = "147531ff603c200730faea4d78fd2c6c25e7949f"></release>
         <release parenthash = "e6939105660698792b634477e3cc64dca14eba29" version = "1.3.0alpha6" githash = "5bcfcb20cc697f70694fac4a1d2c15322652fe61"></release>
         <release parenthash = "28c906e397af493c792fa60e93897ba7cbb873d1" version = "1.3.0rc0" githash = "a9f880726d9efcdc825ac1211941ff3622530d73"></release>
         <release parenthash = "a9f880726d9efcdc825ac1211941ff3622530d73" version = "1.3.0rc1" githash = "16898e9423ff46c1516a436a865730df85457b6b"></release>
         <release parenthash = "42fad4fd32b941408d8841aabd108db9ff512545" version = "1.3.1rc0" githash = "f0cea5dfef6238ed6c013bd734a4182c573ba47f"></release>
         <release parenthash = "b553a710a05d6c358f1f3e7bf09578f5f63a9e02" version = "1.3.1rc1" githash = "813a44aef98a5312a478ab05263a5d0ab7c751eb"></release>
         <release parenthash = "f72f082e510ba5673997db25cd76665b8609327c" version = "1.4.0rc0"></release>
         <subpartnumber>XM-000040-SW</subpartnumber>
         <vendor>XMOS</vendor>
         <version_defines></version_defines>
         <xcore_repo>sc_spi</xcore_repo>
         <xpd_version>1.0</xpd_version>
     </xpd>
     err:git: /home/shanthini/XMOS/xSoftIPTools/1.0.17/xpd/libz.so.1: no version information available (required by git)
Run 'git rev-parse --show-cdup' in /home/shanthini/GitHub/sc_slicekit_support
     
     err:git: /home/shanthini/XMOS/xSoftIPTools/1.0.17/xpd/libz.so.1: no version information available (required by git)
Run 'git rev-list --parents --all' in /home/shanthini/GitHub/sc_slicekit_support
     1fe91159be22d2e358e4dd457c5ed0cd8d17fc18 eaf68b396781d32e037dd58100952d923e502257 be8353686c6d9e22a6125ccdf979a31c379091d0
     be8353686c6d9e22a6125ccdf979a31c379091d0 6357d2c4acf47cc71ab5a8f6614d2b7b806e9fae
     6357d2c4acf47cc71ab5a8f6614d2b7b806e9fae eaf68b396781d32e037dd58100952d923e502257
     eaf68b396781d32e037dd58100952d923e502257 7920fc4235a96585274d73d25d275ea63b4cd285
     7920fc4235a96585274d73d25d275ea63b4cd285 2fc3fc597c9d9d2bbe7073d760078a299fd9b572
     2fc3fc597c9d9d2bbe7073d760078a299fd9b572 7a05c790c61bb29c2d4ffb0d1c5782c342cf0c21
     7a05c790c61bb29c2d4ffb0d1c5782c342cf0c21 65849485a1e0e5a2180263c24593bc47745adb1a
     65849485a1e0e5a2180263c24593bc47745adb1a a432375d409305cf3a4316fa94ad824118de5ba7
     a432375d409305cf3a4316fa94ad824118de5ba7 a2c6a6431ace10103958692970f7902e7d106761
     a2c6a6431ace10103958692970f7902e7d106761 bbd9ad427eda446a26c6b96fcc131009c3d41697
     bbd9ad427eda446a26c6b96fcc131009c3d41697
     err:git: /home/shanthini/XMOS/xSoftIPTools/1.0.17/xpd/libz.so.1: no version information available (required by git)
Run 'git status --porcelain --ignored' in /home/shanthini/GitHub/sc_slicekit_support
     ?? run_xpd.log
     err:git: /home/shanthini/XMOS/xSoftIPTools/1.0.17/xpd/libz.so.1: no version information available (required by git)
Run 'git rev-parse --show-cdup' in /home/shanthini/GitHub/sc_slicekit_support
     
     err:git: /home/shanthini/XMOS/xSoftIPTools/1.0.17/xpd/libz.so.1: no version information available (required by git)
Run 'git show master:xpd.xml' in /home/shanthini/GitHub/sc_slicekit_support
     <?xml version="1.0" ?>
     <xpd>
         <components>
             <component name = "Slicekit Core Board Support Library" type = "component" buildresults_path = "module_slicekit_support/.module_slicekit_support.buildinfo" scope = "General Use" path = "module_slicekit_support" metainfo_path = "module_slicekit_support/module_slicekit_support.metainfo" local = "false" id = "module_slicekit_support" description = "A library for configuring the sliceKIT Core Board ports">
                 <keyword>slicekit</keyword>
                 <keyword>spi</keyword>
             </component>
         </components>
         <description>Slicekit support library</description>
         <location>git://github.com/xcore/sc_slicekit_support.git</location>
         <name>sc_slicekit_support</name>
         <partnumber>XM-003385-DH</partnumber>
         <release parenthash = "2fc3fc597c9d9d2bbe7073d760078a299fd9b572" version = "1.0.3rc0" githash = "7920fc4235a96585274d73d25d275ea63b4cd285"></release>
         <release parenthash = "6357d2c4acf47cc71ab5a8f6614d2b7b806e9fae" version = "1.0.4rc0"></release>
         <subpartnumber>XM-003386-SM</subpartnumber>
         <vendor>XMOS</vendor>
         <version_defines></version_defines>
         <xcore_repo>git://github.com/xcore/sc_slicekit_support.git</xcore_repo>
         <xpd_version>1.0</xpd_version>
     </xpd>
     err:git: /home/shanthini/XMOS/xSoftIPTools/1.0.17/xpd/libz.so.1: no version information available (required by git)
Run 'git rev-list --parents --all' in /home/shanthini/GitHub/sc_slicekit_support
     1fe91159be22d2e358e4dd457c5ed0cd8d17fc18 eaf68b396781d32e037dd58100952d923e502257 be8353686c6d9e22a6125ccdf979a31c379091d0
     be8353686c6d9e22a6125ccdf979a31c379091d0 6357d2c4acf47cc71ab5a8f6614d2b7b806e9fae
     6357d2c4acf47cc71ab5a8f6614d2b7b806e9fae eaf68b396781d32e037dd58100952d923e502257
     eaf68b396781d32e037dd58100952d923e502257 7920fc4235a96585274d73d25d275ea63b4cd285
     7920fc4235a96585274d73d25d275ea63b4cd285 2fc3fc597c9d9d2bbe7073d760078a299fd9b572
     2fc3fc597c9d9d2bbe7073d760078a299fd9b572 7a05c790c61bb29c2d4ffb0d1c5782c342cf0c21
     7a05c790c61bb29c2d4ffb0d1c5782c342cf0c21 65849485a1e0e5a2180263c24593bc47745adb1a
     65849485a1e0e5a2180263c24593bc47745adb1a a432375d409305cf3a4316fa94ad824118de5ba7
     a432375d409305cf3a4316fa94ad824118de5ba7 a2c6a6431ace10103958692970f7902e7d106761
     a2c6a6431ace10103958692970f7902e7d106761 bbd9ad427eda446a26c6b96fcc131009c3d41697
     bbd9ad427eda446a26c6b96fcc131009c3d41697
     err:git: /home/shanthini/XMOS/xSoftIPTools/1.0.17/xpd/libz.so.1: no version information available (required by git)
Run 'git status --porcelain --ignored' in /home/shanthini/GitHub/sc_slicekit_support
     ?? run_xpd.log
     err:git: /home/shanthini/XMOS/xSoftIPTools/1.0.17/xpd/libz.so.1: no version information available (required by git)
Run 'git rev-list --parents --all' in /home/shanthini/GitHub/sc_spi
     0e7f075d405ba768620f0476a3c27715d0f81649 f72f082e510ba5673997db25cd76665b8609327c
     f72f082e510ba5673997db25cd76665b8609327c ce205a305dc457fab4287d9369b8a6244e3cd0c8
     ce205a305dc457fab4287d9369b8a6244e3cd0c8 cce0ad15ee38e0cd1900a80896a060b71e6b6503
     cce0ad15ee38e0cd1900a80896a060b71e6b6503 be5f0da17a3fcd6a47250aa603b3cfccc8a6f2f5
     be5f0da17a3fcd6a47250aa603b3cfccc8a6f2f5 7ee2709f76aa8db113792368e2004bbe3e84f548
     7ee2709f76aa8db113792368e2004bbe3e84f548 a8a03e41433f1bb4cbae6fc6023a924b98517fc0
     a8a03e41433f1bb4cbae6fc6023a924b98517fc0 813a44aef98a5312a478ab05263a5d0ab7c751eb 650275710bd2979edfbcaa2b9e6ff9fb6fe6daf0
     650275710bd2979edfbcaa2b9e6ff9fb6fe6daf0 813a44aef98a5312a478ab05263a5d0ab7c751eb
     813a44aef98a5312a478ab05263a5d0ab7c751eb b553a710a05d6c358f1f3e7bf09578f5f63a9e02
     b553a710a05d6c358f1f3e7bf09578f5f63a9e02 28dc53035ad0bf3fdbd531a86cdbaebb5af6db19
     28dc53035ad0bf3fdbd531a86cdbaebb5af6db19 f0cea5dfef6238ed6c013bd734a4182c573ba47f
     f0cea5dfef6238ed6c013bd734a4182c573ba47f 42fad4fd32b941408d8841aabd108db9ff512545
     42fad4fd32b941408d8841aabd108db9ff512545 5c92ed0e642c275e8de8c05b75453527194c9860
     5c92ed0e642c275e8de8c05b75453527194c9860 1c28fddbe4e0526285d520b922cacc55f04a69b2
     1c28fddbe4e0526285d520b922cacc55f04a69b2 d4709d73e3a10b9ab056cb4f23e448a35f6cd374
     d4709d73e3a10b9ab056cb4f23e448a35f6cd374 81a970eb9af3e6686f86ea8e18a5a42c55b170e2
     81a970eb9af3e6686f86ea8e18a5a42c55b170e2 95693c538013d7fa6bb8ed28d7a7036c2ec045c2
     95693c538013d7fa6bb8ed28d7a7036c2ec045c2 06d5abd695be739df3d1ac317cba2d64cab42251
     06d5abd695be739df3d1ac317cba2d64cab42251 37ed0216ede3d1150a9f5affa19edc165e8ecede
     37ed0216ede3d1150a9f5affa19edc165e8ecede d86bcfe7b23a3724d6cc90b9c3a6592fd81f8652
     d86bcfe7b23a3724d6cc90b9c3a6592fd81f8652 3e295cbc995beed41f8cd5a8c265e74cdb6a7ecb
     3e295cbc995beed41f8cd5a8c265e74cdb6a7ecb 45b29e064f7813c016fd7a87ead46791c8aa90ea
     45b29e064f7813c016fd7a87ead46791c8aa90ea ac028ad52a0e46b735e2247bb3956202579ecb6d
     ac028ad52a0e46b735e2247bb3956202579ecb6d ac6aca7a492b027640ce6fddbccd6dc0b197ef3b
     ac6aca7a492b027640ce6fddbccd6dc0b197ef3b 2913e45631691171fc1f042a8625c2cabca2b5d3
     2913e45631691171fc1f042a8625c2cabca2b5d3 01952cded1ee7f487c7892818adfe891b158fc64
     01952cded1ee7f487c7892818adfe891b158fc64 4e188d00199f2311240c753f53dc29506cf19863
     4e188d00199f2311240c753f53dc29506cf19863 99eeb151388ebeee44ef8377d87e871a0f7022e8
     99eeb151388ebeee44ef8377d87e871a0f7022e8 0e7da6c03e00ca1fe3e63360fa90c4cf8f31c3ce
     0e7da6c03e00ca1fe3e63360fa90c4cf8f31c3ce b4245822a400a104dfc98b0c0274c941555ab578
     b4245822a400a104dfc98b0c0274c941555ab578 16898e9423ff46c1516a436a865730df85457b6b
     16898e9423ff46c1516a436a865730df85457b6b a9f880726d9efcdc825ac1211941ff3622530d73
     a9f880726d9efcdc825ac1211941ff3622530d73 28c906e397af493c792fa60e93897ba7cbb873d1
     28c906e397af493c792fa60e93897ba7cbb873d1 a81641b3ee0a9e00d47d307aadf08dc5a98d4f47
     a81641b3ee0a9e00d47d307aadf08dc5a98d4f47 5bcfcb20cc697f70694fac4a1d2c15322652fe61
     5bcfcb20cc697f70694fac4a1d2c15322652fe61 e6939105660698792b634477e3cc64dca14eba29
     e6939105660698792b634477e3cc64dca14eba29 d091ef4d548bff2890fdf8dfdd5d4a5c08d4f35a
     d091ef4d548bff2890fdf8dfdd5d4a5c08d4f35a bdf82ccfd0302e6585bf2d6259e4dd502c3242f9
     bdf82ccfd0302e6585bf2d6259e4dd502c3242f9 147531ff603c200730faea4d78fd2c6c25e7949f
     147531ff603c200730faea4d78fd2c6c25e7949f 965b3fe6f725566827593779551f81dc8a3a9b38
     965b3fe6f725566827593779551f81dc8a3a9b38 a2a0512f1e674c5d191807d070b667349fc4a121
     a2a0512f1e674c5d191807d070b667349fc4a121 3cc76e993213b1fc075465493528d9822d596992
     3cc76e993213b1fc075465493528d9822d596992 387e8d60d1da2404a75ed904f2c68fb534d79faf
     387e8d60d1da2404a75ed904f2c68fb534d79faf 7bc2fa6b46878ff9db5cfdac5b60441fab77da44
     7bc2fa6b46878ff9db5cfdac5b60441fab77da44 3fcd9bb04cbb733a655a88f68a5112d78255c24c
     3fcd9bb04cbb733a655a88f68a5112d78255c24c 4521846b5de3cfc9dc22fedc5e219539125a4430
     4521846b5de3cfc9dc22fedc5e219539125a4430 b6ad26cbfd8fab4bb4268cc11cfbb6ecddab2fbf
     b6ad26cbfd8fab4bb4268cc11cfbb6ecddab2fbf 8e752a20f0a2cfda36019d691ea0d879eaa735c5
     8e752a20f0a2cfda36019d691ea0d879eaa735c5 ba53ededf71f999ccacf8a827d98c50ee44e277c
     ba53ededf71f999ccacf8a827d98c50ee44e277c 898f229b24e7152f9d4f1f98dc27d0c76e1954c2
     898f229b24e7152f9d4f1f98dc27d0c76e1954c2 e52f237fe6d928a8c20bb9ff4e51efa1ff0adcd8
     e52f237fe6d928a8c20bb9ff4e51efa1ff0adcd8 c28941acba36949c4e3d2c6cf2480e6a6a7f5f94
     c28941acba36949c4e3d2c6cf2480e6a6a7f5f94 57ddd3a033b71fba858d1c82de419b835086319c
     57ddd3a033b71fba858d1c82de419b835086319c c24563e5c7446b8de47e71553fbab4ee2e67168d
     c24563e5c7446b8de47e71553fbab4ee2e67168d 46e4e5fa6d51a79048f805e742c5df6d20b6501b
     46e4e5fa6d51a79048f805e742c5df6d20b6501b 4aee789f0590a95da1263e7e7bd2d9278af6006e
     4aee789f0590a95da1263e7e7bd2d9278af6006e 4ab8627bd18868c3f48b9a93d41d1f308ab260d9
     4ab8627bd18868c3f48b9a93d41d1f308ab260d9 9702d486148999afc6589d670c4e1b3962233405 357bf6d0b8ae8154d335132bbfde9ce341ac1f36
     9702d486148999afc6589d670c4e1b3962233405 d0fe0932cc9efa56153d16edd350bd45538023bb
     357bf6d0b8ae8154d335132bbfde9ce341ac1f36 3db282425b17df2d67672d2950290d628863fa31
     3db282425b17df2d67672d2950290d628863fa31 602a3216b1465dba7ff0d6499817e054d4031c6c
     602a3216b1465dba7ff0d6499817e054d4031c6c a9f5fbc8f1355ab75054bfadfbd6863ea3097ba4
     a9f5fbc8f1355ab75054bfadfbd6863ea3097ba4 d933648b05c7acee2b46cf6d6e3fd1d2cc3000f6 d0fe0932cc9efa56153d16edd350bd45538023bb
     d933648b05c7acee2b46cf6d6e3fd1d2cc3000f6 50e819c59dfabb240a856b1a3d0db3db87740efe
     d0fe0932cc9efa56153d16edd350bd45538023bb 50e819c59dfabb240a856b1a3d0db3db87740efe
     50e819c59dfabb240a856b1a3d0db3db87740efe e1448e6b09b2cb6f3fea2a25f8614dcd6da9830f
     e1448e6b09b2cb6f3fea2a25f8614dcd6da9830f 975c83a57c367b603121164e67ef491a55341b35
     975c83a57c367b603121164e67ef491a55341b35 86af078dee05682945d88231a13ed32a8a4e9fd0
     86af078dee05682945d88231a13ed32a8a4e9fd0 549a56cd66bdd665503b2f586ef0673a3ece1cec
     549a56cd66bdd665503b2f586ef0673a3ece1cec b3aa64e018612ebe4414238d6af2cfafe1c35f45
     b3aa64e018612ebe4414238d6af2cfafe1c35f45 ab8a6df985e2e123384b5aadecb6c9c4b0fa9a11
     ab8a6df985e2e123384b5aadecb6c9c4b0fa9a11 05a1b7ba3f0b9a29c135a098d65a2ca8bbe2eafe
     05a1b7ba3f0b9a29c135a098d65a2ca8bbe2eafe c4076826f61dc2ebf7710de599ae8c98ab467199
     c4076826f61dc2ebf7710de599ae8c98ab467199 bff947ed26db059c209d2e171e7c31e4c8fd5b56
     bff947ed26db059c209d2e171e7c31e4c8fd5b56 9846f0fc9c34fd256e8c904fc647882c9bc42258
     9846f0fc9c34fd256e8c904fc647882c9bc42258 dd53e3d0d4f6bc8be61fe5031ad8c4d2ee6f8bc5
     dd53e3d0d4f6bc8be61fe5031ad8c4d2ee6f8bc5 8a37ce78643b1faff29587e0953766d063d5ea7d
     8a37ce78643b1faff29587e0953766d063d5ea7d 0b0d57ee3f50bcf37a0332c867f7faa662c1814b
     0b0d57ee3f50bcf37a0332c867f7faa662c1814b 1f26d73747ea9a9cc911a59bb614d2b86e2c3259 ef69d99e364136485d259e69a013286904176670
     1f26d73747ea9a9cc911a59bb614d2b86e2c3259 2f8c0330e8b91acc5ddffe4d3e8d0775ffc9cf67
     ef69d99e364136485d259e69a013286904176670 1e6b44711605e8aa25a36238fd79e2489115513a
     1e6b44711605e8aa25a36238fd79e2489115513a d128ade4bb0359da32843f2841786524a88ae2f8
     d128ade4bb0359da32843f2841786524a88ae2f8 c0e15961a56f1eaafd2b4aae52907883ff3b6693
     c0e15961a56f1eaafd2b4aae52907883ff3b6693 5ba2575af342565e01b0d1416e771db874abaf87
     5ba2575af342565e01b0d1416e771db874abaf87 a43c5a1736ce4f12766bf86f577fd179cd0c9a87
     e87fbd08b21228b8358124f87ef68d3fd3191389 684c52250cd3e61776e0c0005b2de3b4a7e80cf7
     a43c5a1736ce4f12766bf86f577fd179cd0c9a87 c46b967a1cbdc51e9cf63e3958c3033d35eca492
     c46b967a1cbdc51e9cf63e3958c3033d35eca492 d1d8030e135cc13a821a9445ce0a2f3f6b042474
     684c52250cd3e61776e0c0005b2de3b4a7e80cf7 8a2461b80cdfdb41b14e17c25752253ed06b3964
     d1d8030e135cc13a821a9445ce0a2f3f6b042474 17f384722a60a642dc815e5031ecdb847eb55ac7
     8a2461b80cdfdb41b14e17c25752253ed06b3964 ef1b7e66414a7996bc034a56e4f37c8db525aad1
     17f384722a60a642dc815e5031ecdb847eb55ac7 8cda83318f7e28e22d9cd40aec46cbc2a0e819bc
     ef1b7e66414a7996bc034a56e4f37c8db525aad1 d85b9b18fbef9f03d78eadbb7472ad3b9a2f4f11
     8cda83318f7e28e22d9cd40aec46cbc2a0e819bc 2851983c23be71377ef68a1500c7b45a28536d2e
     d85b9b18fbef9f03d78eadbb7472ad3b9a2f4f11
     2851983c23be71377ef68a1500c7b45a28536d2e 2f8c0330e8b91acc5ddffe4d3e8d0775ffc9cf67
     2f8c0330e8b91acc5ddffe4d3e8d0775ffc9cf67 02c9381522d9bdaecee12b3ba0d03a585a724c9d
     02c9381522d9bdaecee12b3ba0d03a585a724c9d 901989bb3b946e31a4308d197ac7aeb6f6267815
     901989bb3b946e31a4308d197ac7aeb6f6267815 19da820324fc7db249328f06e1ef3c35c6f2caec
     19da820324fc7db249328f06e1ef3c35c6f2caec 67102e692f7bab973130edb8fb3457aa682e6cc6
     67102e692f7bab973130edb8fb3457aa682e6cc6 652df82607281ec7b419010b2f46bf18445b49cb
     652df82607281ec7b419010b2f46bf18445b49cb 348b3602ea5a06e2da717990c7084e15e75510a4
     348b3602ea5a06e2da717990c7084e15e75510a4 7babb824be45d08224eb972c181ed009609bc5d9
     7babb824be45d08224eb972c181ed009609bc5d9 3ddeeb11189a567a63ed112dbd2c908162719526 5cfdc14482666439479f9a7f2402aa842487df71
     3ddeeb11189a567a63ed112dbd2c908162719526 21812a27b40acca109e315ba8cfe1f57fc59d9d0
     5cfdc14482666439479f9a7f2402aa842487df71 8d739f325b54ecca9ee2e3e5d85c6d74a28d045a
     8d739f325b54ecca9ee2e3e5d85c6d74a28d045a 7925fc5ab7b7defd2396cba5d646c933179fea51
     7925fc5ab7b7defd2396cba5d646c933179fea51 d22c403485c73aec20965f47279f60283c29effc
     d22c403485c73aec20965f47279f60283c29effc e546e228e389873669d81e7263dda46556ac526b
     e546e228e389873669d81e7263dda46556ac526b 2f2cf4cedbc6eba5e15deccb944d1a4a557cb97d
     2f2cf4cedbc6eba5e15deccb944d1a4a557cb97d 636e6ae54ad3476d961ccac19161504d944923ce
     636e6ae54ad3476d961ccac19161504d944923ce 5e6db7d1a0f96288c1b6a00c3678a20d77f6872c
     5e6db7d1a0f96288c1b6a00c3678a20d77f6872c 2c08d974a57b1b18cc39c5fcfb56dc7e5f7e6731
     2c08d974a57b1b18cc39c5fcfb56dc7e5f7e6731 657635857f588a95e802cba1bb7cb0bee30ba5ee
     657635857f588a95e802cba1bb7cb0bee30ba5ee 1fd2943a902bcde1a3c5356bf6bd124f1d8ab6f7
     1fd2943a902bcde1a3c5356bf6bd124f1d8ab6f7 da23708213c8e7f64d17f60a32bc789c97ec5ee0
     da23708213c8e7f64d17f60a32bc789c97ec5ee0 0319f460c2be3f6ad6bd47be9a0d2dc3e28a4afa
     0319f460c2be3f6ad6bd47be9a0d2dc3e28a4afa def1d3bc328982d09d3d0f5d0c8f671d677a7e02
     def1d3bc328982d09d3d0f5d0c8f671d677a7e02 f94d3c43dbb2a64795a165f8991287f536b0d674 6030ecd8f38e60ca5fff639952009e0184619b55
     f94d3c43dbb2a64795a165f8991287f536b0d674 98ca50f243efa67f9989b813324848d9d7d77f35
     98ca50f243efa67f9989b813324848d9d7d77f35 098120aa7635e7da86d566162bd8f18ea1930789
     6030ecd8f38e60ca5fff639952009e0184619b55 098120aa7635e7da86d566162bd8f18ea1930789
     098120aa7635e7da86d566162bd8f18ea1930789 d51ebb188dd9c1a3611e4b663793ec6f02a09ad7
     d51ebb188dd9c1a3611e4b663793ec6f02a09ad7 95f1ee600450e86b9675c7fa198b2c70f2abcd4e
     21812a27b40acca109e315ba8cfe1f57fc59d9d0 8e70cdd0c835346e0222bf03d5b85fcc4d4f9440
     8e70cdd0c835346e0222bf03d5b85fcc4d4f9440 e35d37e19daeeb2cca41d131148151e5acd70509
     95f1ee600450e86b9675c7fa198b2c70f2abcd4e fe1231b004da1b428a6dc27e628fe67bd12020d5
     fe1231b004da1b428a6dc27e628fe67bd12020d5 09865a8a3efdd4aead78d7b5aeaedc49cf772d78
     09865a8a3efdd4aead78d7b5aeaedc49cf772d78 697e632c47393a1024995f7119b1f8e2e2e101de
     697e632c47393a1024995f7119b1f8e2e2e101de 5f737a7c747114c6ddab03b495713f3ce38caaca
     5f737a7c747114c6ddab03b495713f3ce38caaca 7f64872b2409af2f922a56984f99b1942f378e70
     7f64872b2409af2f922a56984f99b1942f378e70 e8f0f6f1a10602f3b3be35b3ca3a524b6daf7e60
     e8f0f6f1a10602f3b3be35b3ca3a524b6daf7e60 3d9b3738669015c546c886d46a6e8321bb36bc49 49ee5b1facb26a69fac7487e4eb97c601d27ed78
     3d9b3738669015c546c886d46a6e8321bb36bc49 3b223484d76907e6e565d76795fa15c227d7f515
     49ee5b1facb26a69fac7487e4eb97c601d27ed78 3b223484d76907e6e565d76795fa15c227d7f515
     3b223484d76907e6e565d76795fa15c227d7f515 e35d37e19daeeb2cca41d131148151e5acd70509
     e35d37e19daeeb2cca41d131148151e5acd70509 d828c75cbdcab1fa9eaed45d26aee82a66b5d777
     d828c75cbdcab1fa9eaed45d26aee82a66b5d777 345bb5b9e9b990864acaefe027c986f3ea5aac39
     345bb5b9e9b990864acaefe027c986f3ea5aac39 eff7397abe2c00a0d40dc23cf185c81bdbbdb735
     eff7397abe2c00a0d40dc23cf185c81bdbbdb735 6dd7d083a6829d27cd985e9de1b4142f5affa46d
     6dd7d083a6829d27cd985e9de1b4142f5affa46d 9efa9a118c2151da6be7fe69535ccf0b486f4c33
     9efa9a118c2151da6be7fe69535ccf0b486f4c33 890cb4e5401f1e3330c19b004978063af13be80d
     890cb4e5401f1e3330c19b004978063af13be80d 3eb56ec5519bb1fc4d22e509b5d1f80685c72a36
     3eb56ec5519bb1fc4d22e509b5d1f80685c72a36 d9f1724690ee894b8fb40447c3784037fd4e040c
     d9f1724690ee894b8fb40447c3784037fd4e040c
     err:git: /home/shanthini/XMOS/xSoftIPTools/1.0.17/xpd/libz.so.1: no version information available (required by git)
Run 'git status --porcelain --ignored' in /home/shanthini/GitHub/sc_spi
     ?? run_xpd.log
     err:git: /home/shanthini/XMOS/xSoftIPTools/1.0.17/xpd/libz.so.1: no version information available (required by git)
Run 'git status --porcelain --ignored' in /home/shanthini/GitHub/sc_sdcard
     M  app_sdcard_test/.cproject
     M  app_sdcard_test/.project
     M  module_FatFs/.cproject
      M module_FatFs/.module_FatFs.buildinfo
     M  module_FatFs/.project
     M  module_sdcardSPI/.cproject
      M module_sdcardSPI/.module_sdcardSPI.buildinfo
     M  module_sdcardSPI/.project
      M run_xpd.log
      M xpd.xml
     ?? __generated_module_FatFs_app/
     ?? __generated_module_sdcardSPI_app/
     ?? _build/
     !! app_sdcard_test/doc_quickstart/quickstart.rst~
     !! module_FatFs/src/ff.h~
     err:git: /home/shanthini/XMOS/xSoftIPTools/1.0.17/xpd/libz.so.1: no version information available (required by git)
Run 'git symbolic-ref HEAD' in /home/shanthini/GitHub/sc_sdcard
     refs/heads/master
     err:git: /home/shanthini/XMOS/xSoftIPTools/1.0.17/xpd/libz.so.1: no version information available (required by git)
Run 'git update-index -q --refresh' in /home/shanthini/GitHub/sc_slicekit_support
     err:git: /home/shanthini/XMOS/xSoftIPTools/1.0.17/xpd/libz.so.1: no version information available (required by git)
Run 'git diff-index --name-only HEAD --' in /home/shanthini/GitHub/sc_slicekit_support
     err:git: /home/shanthini/XMOS/xSoftIPTools/1.0.17/xpd/libz.so.1: no version information available (required by git)
Run 'git update-index -q --refresh' in /home/shanthini/GitHub/sc_spi
     err:git: /home/shanthini/XMOS/xSoftIPTools/1.0.17/xpd/libz.so.1: no version information available (required by git)
Run 'git diff-index --name-only HEAD --' in /home/shanthini/GitHub/sc_spi
     err:git: /home/shanthini/XMOS/xSoftIPTools/1.0.17/xpd/libz.so.1: no version information available (required by git)
Run 'git update-index -q --refresh' in /home/shanthini/GitHub/sc_sdcard
     err:git: /home/shanthini/XMOS/xSoftIPTools/1.0.17/xpd/libz.so.1: no version information available (required by git)
Run 'git diff-index --name-only HEAD --' in /home/shanthini/GitHub/sc_sdcard
     app_sdcard_test/.cproject
     app_sdcard_test/.project
     module_FatFs/.cproject
     module_FatFs/.module_FatFs.buildinfo
     module_FatFs/.project
     module_sdcardSPI/.cproject
     module_sdcardSPI/.module_sdcardSPI.buildinfo
     module_sdcardSPI/.project
     run_xpd.log
     xpd.xml
     err:git: /home/shanthini/XMOS/xSoftIPTools/1.0.17/xpd/libz.so.1: no version information available (required by git)
WARNING: sc_sdcard has local modifications
ERROR: Cannot create release: uncommitted modifications
