Running Sphinx v1.0.7
Running XMOS Documentation setup:xlatex
Using XMOS Styled LaTeX
loading pickled environment... not yet created
building [xlatex]: all documents
updating environment: 6 added, 0 changed, 0 removed
reading sources... [ 16%] api
Rendering Doxygen function FRESULT f_mount
Rendering Doxygen function FRESULT f_open
Rendering Doxygen function FRESULT f_read
Rendering Doxygen function FRESULT f_lseek
Rendering Doxygen function FRESULT f_close
Rendering Doxygen function FRESULT f_opendir
Rendering Doxygen function FRESULT f_readdir
Rendering Doxygen function FRESULT f_stat
Rendering Doxygen function FRESULT f_write
Rendering Doxygen function FRESULT f_getfree
Rendering Doxygen function FRESULT f_truncate
Rendering Doxygen function FRESULT f_unlink
Rendering Doxygen function FRESULT f_mkdir
Rendering Doxygen function FRESULT f_chmod
Rendering Doxygen function FRESULT f_rename
Rendering Doxygen function FRESULT f_chdrive
Rendering Doxygen function FRESULT f_chdir
Rendering Doxygen function FRESULT f_getcwd
Rendering Doxygen function FRESULT f_fdisk
Rendering Doxygen function int f_putc
Rendering Doxygen function int f_printf
reading sources... [ 33%] examples
reading sources... [ 50%] hw
reading sources... [ 66%] index
reading sources... [ 83%] overview
reading sources... [100%] programming

looking for now-outdated files... none found
pickling environment... done
checking consistency... /home/shanthini/GitHub/sc_sdcard/module_FatFs/doc/examples.rst:: WARNING: document isn't included in any toctree
done
processing index.tex... index overview hw api programming 
resolving references...
Adding scope descriptions
writing... done
copying TeX support files... done
build succeeded, 1 warning.
